InnoDB: using atomic writes.
2019-11-24 13:50:03 0 [Note] InnoDB: The first innodb_system data file 'ibdata1' did not exist. A new tablespace will be created!
2019-11-24 13:50:03 0 [Note] InnoDB: Mutexes and rw_locks use Windows interlocked functions
2019-11-24 13:50:03 0 [Note] InnoDB: Uses event mutexes
2019-11-24 13:50:03 0 [Note] InnoDB: Compressed tables use zlib 1.2.11
2019-11-24 13:50:03 0 [Note] InnoDB: Number of pools: 1
2019-11-24 13:50:03 0 [Note] InnoDB: Using SSE2 crc32 instructions
2019-11-24 13:50:03 0 [Note] InnoDB: Initializing buffer pool, total size = 128M, instances = 1, chunk size = 128M
2019-11-24 13:50:03 0 [Note] InnoDB: Completed initialization of buffer pool
2019-11-24 13:50:03 0 [Note] InnoDB: Setting file '.\ibdata1' size to 12 MB. Physically writing the file full; Please wait ...
2019-11-24 13:50:03 0 [Note] InnoDB: File '.\ibdata1' size is now 12 MB.
2019-11-24 13:50:03 0 [Note] InnoDB: Setting log file .\ib_logfile101 size to 50331648 bytes
2019-11-24 13:50:03 0 [Note] InnoDB: Setting log file .\ib_logfile1 size to 50331648 bytes
2019-11-24 13:50:03 0 [Note] InnoDB: Renaming log file .\ib_logfile101 to .\ib_logfile0
2019-11-24 13:50:03 0 [Note] InnoDB: New log files created, LSN=17992
2019-11-24 13:50:03 0 [Note] InnoDB: Doublewrite buffer not found: creating new
2019-11-24 13:50:03 0 [Note] InnoDB: Doublewrite buffer created
2019-11-24 13:50:03 0 [Note] InnoDB: 128 out of 128 rollback segments are active.
2019-11-24 13:50:03 0 [Note] InnoDB: Creating foreign key constraint system tables.
2019-11-24 13:50:03 0 [Note] InnoDB: Creating tablespace and datafile system tables.
2019-11-24 13:50:03 0 [Note] InnoDB: Creating sys_virtual system tables.
2019-11-24 13:50:03 0 [Note] InnoDB: Creating shared tablespace for temporary tables
2019-11-24 13:50:03 0 [Note] InnoDB: Setting file '.\ibtmp1' size to 12 MB. Physically writing the file full; Please wait ...
2019-11-24 13:50:03 0 [Note] InnoDB: File '.\ibtmp1' size is now 12 MB.
2019-11-24 13:50:03 0 [Note] InnoDB: Waiting for purge to start
2019-11-24 13:50:03 0 [Note] InnoDB: 10.4.10 started; log sequence number 0; transaction id 7
2019-11-24 13:50:03 0 [Note] Plugin 'FEEDBACK' is disabled.
InnoDB: using atomic writes.
2019-11-24 13:50:15 0 [Note] InnoDB: Mutexes and rw_locks use Windows interlocked functions
2019-11-24 13:50:15 0 [Note] InnoDB: Uses event mutexes
2019-11-24 13:50:15 0 [Note] InnoDB: Compressed tables use zlib 1.2.11
2019-11-24 13:50:15 0 [Note] InnoDB: Number of pools: 1
2019-11-24 13:50:15 0 [Note] InnoDB: Using SSE2 crc32 instructions
2019-11-24 13:50:15 0 [Note] InnoDB: Initializing buffer pool, total size = 128M, instances = 1, chunk size = 128M
2019-11-24 13:50:15 0 [Note] InnoDB: Completed initialization of buffer pool
2019-11-24 13:50:15 0 [Note] InnoDB: 128 out of 128 rollback segments are active.
2019-11-24 13:50:15 0 [Note] InnoDB: Creating shared tablespace for temporary tables
2019-11-24 13:50:15 0 [Note] InnoDB: Setting file '.\ibtmp1' size to 12 MB. Physically writing the file full; Please wait ...
2019-11-24 13:50:15 0 [Note] InnoDB: File '.\ibtmp1' size is now 12 MB.
2019-11-24 13:50:15 0 [Note] InnoDB: Waiting for purge to start
2019-11-24 13:50:15 0 [Note] InnoDB: 10.4.10 started; log sequence number 139827; transaction id 21
2019-11-24 13:50:15 0 [Note] InnoDB: Loading buffer pool(s) from C:\Users\mirce\PhpstormProjects\appster\3rdPartyFiles\mariadb10.4.10\data\ib_buffer_pool
2019-11-24 13:50:15 0 [Note] Plugin 'FEEDBACK' is disabled.
3rdPartyFiles\mariadb10.4.10\bin\mysqld: Too many arguments (first extra is 'startexit').
2019-11-24 13:50:15 0 [ERROR] Aborting
InnoDB: using atomic writes.
2019-11-24 19:02:38 0 [Note] InnoDB: Mutexes and rw_locks use Windows interlocked functions
2019-11-24 19:02:38 0 [Note] InnoDB: Uses event mutexes
2019-11-24 19:02:38 0 [Note] InnoDB: Compressed tables use zlib 1.2.11
2019-11-24 19:02:38 0 [Note] InnoDB: Number of pools: 1
2019-11-24 19:02:38 0 [Note] InnoDB: Using SSE2 crc32 instructions
2019-11-24 19:02:38 0 [Note] InnoDB: Initializing buffer pool, total size = 128M, instances = 1, chunk size = 128M
2019-11-24 19:02:38 0 [Note] InnoDB: Completed initialization of buffer pool
2019-11-24 19:02:38 0 [Note] InnoDB: 128 out of 128 rollback segments are active.
2019-11-24 19:02:38 0 [Note] InnoDB: Creating shared tablespace for temporary tables
2019-11-24 19:02:38 0 [Note] InnoDB: Setting file '.\ibtmp1' size to 12 MB. Physically writing the file full; Please wait ...
2019-11-24 19:02:38 0 [Note] InnoDB: File '.\ibtmp1' size is now 12 MB.
2019-11-24 19:02:38 0 [Note] InnoDB: Waiting for purge to start
2019-11-24 19:02:38 0 [Note] InnoDB: 10.4.10 started; log sequence number 139836; transaction id 21
2019-11-24 19:02:38 0 [Note] InnoDB: Loading buffer pool(s) from C:\Users\mirce\PhpstormProjects\appster\3rdPartyFiles\mariadb10.4.10\data\ib_buffer_pool
2019-11-24 19:02:38 0 [Note] Plugin 'FEEDBACK' is disabled.
3rdPartyFiles\mariadb10.4.10\bin\mysqld: Too many arguments (first extra is 'startexit').
2019-11-24 19:02:38 0 [ERROR] Aborting
InnoDB: using atomic writes.
2019-11-24 19:03:10 0 [Note] InnoDB: Mutexes and rw_locks use Windows interlocked functions
2019-11-24 19:03:10 0 [Note] InnoDB: Uses event mutexes
2019-11-24 19:03:10 0 [Note] InnoDB: Compressed tables use zlib 1.2.11
2019-11-24 19:03:10 0 [Note] InnoDB: Number of pools: 1
2019-11-24 19:03:10 0 [Note] InnoDB: Using SSE2 crc32 instructions
2019-11-24 19:03:10 0 [Note] InnoDB: Initializing buffer pool, total size = 128M, instances = 1, chunk size = 128M
2019-11-24 19:03:10 0 [Note] InnoDB: Completed initialization of buffer pool
2019-11-24 19:03:10 0 [Note] InnoDB: 128 out of 128 rollback segments are active.
2019-11-24 19:03:10 0 [Note] InnoDB: Creating shared tablespace for temporary tables
2019-11-24 19:03:10 0 [Note] InnoDB: Setting file '.\ibtmp1' size to 12 MB. Physically writing the file full; Please wait ...
2019-11-24 19:03:10 0 [Note] InnoDB: File '.\ibtmp1' size is now 12 MB.
2019-11-24 19:03:10 0 [Note] InnoDB: Waiting for purge to start
2019-11-24 19:03:10 0 [Note] InnoDB: 10.4.10 started; log sequence number 139845; transaction id 21
2019-11-24 19:03:10 0 [Note] InnoDB: Loading buffer pool(s) from C:\Users\mirce\PhpstormProjects\appster\3rdPartyFiles\mariadb10.4.10\data\ib_buffer_pool
2019-11-24 19:03:10 0 [Note] Plugin 'FEEDBACK' is disabled.
3rdPartyFiles\mariadb10.4.10\bin\mysqld: Too many arguments (first extra is 'startexit').
2019-11-24 19:03:10 0 [ERROR] Aborting
InnoDB: using atomic writes.
2019-11-24 19:57:34 0 [Note] InnoDB: Mutexes and rw_locks use Windows interlocked functions
2019-11-24 19:57:34 0 [Note] InnoDB: Uses event mutexes
2019-11-24 19:57:34 0 [Note] InnoDB: Compressed tables use zlib 1.2.11
2019-11-24 19:57:34 0 [Note] InnoDB: Number of pools: 1
2019-11-24 19:57:34 0 [Note] InnoDB: Using SSE2 crc32 instructions
2019-11-24 19:57:34 0 [Note] InnoDB: Initializing buffer pool, total size = 128M, instances = 1, chunk size = 128M
2019-11-24 19:57:34 0 [Note] InnoDB: Completed initialization of buffer pool
2019-11-24 19:57:34 0 [Note] InnoDB: 128 out of 128 rollback segments are active.
2019-11-24 19:57:34 0 [Note] InnoDB: Creating shared tablespace for temporary tables
2019-11-24 19:57:34 0 [Note] InnoDB: Setting file '.\ibtmp1' size to 12 MB. Physically writing the file full; Please wait ...
2019-11-24 19:57:34 0 [Note] InnoDB: File '.\ibtmp1' size is now 12 MB.
2019-11-24 19:57:34 0 [Note] InnoDB: Waiting for purge to start
2019-11-24 19:57:34 0 [Note] InnoDB: 10.4.10 started; log sequence number 139854; transaction id 21
2019-11-24 19:57:34 0 [Note] InnoDB: Loading buffer pool(s) from C:\Users\mirce\PhpstormProjects\appster\3rdPartyFiles\mariadb10.4.10\data\ib_buffer_pool
2019-11-24 19:57:34 0 [Note] Plugin 'FEEDBACK' is disabled.
3rdPartyFiles\mariadb10.4.10\bin\mysqld: Too many arguments (first extra is 'startexit').
2019-11-24 19:57:34 0 [ERROR] Aborting
InnoDB: using atomic writes.
2019-11-24 19:58:19 0 [Note] InnoDB: Mutexes and rw_locks use Windows interlocked functions
2019-11-24 19:58:19 0 [Note] InnoDB: Uses event mutexes
2019-11-24 19:58:19 0 [Note] InnoDB: Compressed tables use zlib 1.2.11
2019-11-24 19:58:19 0 [Note] InnoDB: Number of pools: 1
2019-11-24 19:58:19 0 [Note] InnoDB: Using SSE2 crc32 instructions
2019-11-24 19:58:19 0 [Note] InnoDB: Initializing buffer pool, total size = 128M, instances = 1, chunk size = 128M
2019-11-24 19:58:19 0 [Note] InnoDB: Completed initialization of buffer pool
2019-11-24 19:58:19 0 [Note] InnoDB: 128 out of 128 rollback segments are active.
2019-11-24 19:58:19 0 [Note] InnoDB: Creating shared tablespace for temporary tables
2019-11-24 19:58:19 0 [Note] InnoDB: Setting file '.\ibtmp1' size to 12 MB. Physically writing the file full; Please wait ...
2019-11-24 19:58:19 0 [Note] InnoDB: File '.\ibtmp1' size is now 12 MB.
2019-11-24 19:58:19 0 [Note] InnoDB: Waiting for purge to start
2019-11-24 19:58:19 0 [Note] InnoDB: 10.4.10 started; log sequence number 139863; transaction id 21
2019-11-24 19:58:19 0 [Note] InnoDB: Loading buffer pool(s) from C:\Users\mirce\PhpstormProjects\appster\3rdPartyFiles\mariadb10.4.10\data\ib_buffer_pool
2019-11-24 19:58:19 0 [Note] Plugin 'FEEDBACK' is disabled.
3rdPartyFiles\mariadb10.4.10\bin\mysqld: Too many arguments (first extra is 'start').
2019-11-24 19:58:19 0 [ERROR] Aborting
InnoDB: using atomic writes.
2019-11-24 19:58:31 0 [Note] InnoDB: Mutexes and rw_locks use Windows interlocked functions
2019-11-24 19:58:31 0 [Note] InnoDB: Uses event mutexes
2019-11-24 19:58:31 0 [Note] InnoDB: Compressed tables use zlib 1.2.11
2019-11-24 19:58:31 0 [Note] InnoDB: Number of pools: 1
2019-11-24 19:58:31 0 [Note] InnoDB: Using SSE2 crc32 instructions
2019-11-24 19:58:31 0 [Note] InnoDB: Initializing buffer pool, total size = 128M, instances = 1, chunk size = 128M
2019-11-24 19:58:31 0 [Note] InnoDB: Completed initialization of buffer pool
2019-11-24 19:58:31 0 [Note] InnoDB: 128 out of 128 rollback segments are active.
2019-11-24 19:58:31 0 [Note] InnoDB: Creating shared tablespace for temporary tables
2019-11-24 19:58:31 0 [Note] InnoDB: Setting file '.\ibtmp1' size to 12 MB. Physically writing the file full; Please wait ...
2019-11-24 19:58:31 0 [Note] InnoDB: File '.\ibtmp1' size is now 12 MB.
2019-11-24 19:58:31 0 [Note] InnoDB: Waiting for purge to start
2019-11-24 19:58:31 0 [Note] InnoDB: 10.4.10 started; log sequence number 139872; transaction id 21
2019-11-24 19:58:31 0 [Note] InnoDB: Loading buffer pool(s) from C:\Users\mirce\PhpstormProjects\appster\3rdPartyFiles\mariadb10.4.10\data\ib_buffer_pool
2019-11-24 19:58:31 0 [Note] Plugin 'FEEDBACK' is disabled.
3rdPartyFiles\mariadb10.4.10\bin\mysqld: Too many arguments (first extra is 'start').
2019-11-24 19:58:31 0 [ERROR] Aborting
InnoDB: using atomic writes.
2019-11-24 19:59:21 0 [Note] InnoDB: Mutexes and rw_locks use Windows interlocked functions
2019-11-24 19:59:21 0 [Note] InnoDB: Uses event mutexes
2019-11-24 19:59:21 0 [Note] InnoDB: Compressed tables use zlib 1.2.11
2019-11-24 19:59:21 0 [Note] InnoDB: Number of pools: 1
2019-11-24 19:59:21 0 [Note] InnoDB: Using SSE2 crc32 instructions
2019-11-24 19:59:21 0 [Note] InnoDB: Initializing buffer pool, total size = 128M, instances = 1, chunk size = 128M
2019-11-24 19:59:21 0 [Note] InnoDB: Completed initialization of buffer pool
2019-11-24 19:59:21 0 [Note] InnoDB: 128 out of 128 rollback segments are active.
2019-11-24 19:59:21 0 [Note] InnoDB: Creating shared tablespace for temporary tables
2019-11-24 19:59:21 0 [Note] InnoDB: Setting file '.\ibtmp1' size to 12 MB. Physically writing the file full; Please wait ...
2019-11-24 19:59:21 0 [Note] InnoDB: File '.\ibtmp1' size is now 12 MB.
2019-11-24 19:59:21 0 [Note] InnoDB: Waiting for purge to start
2019-11-24 19:59:21 0 [Note] InnoDB: 10.4.10 started; log sequence number 139881; transaction id 21
2019-11-24 19:59:21 0 [Note] InnoDB: Loading buffer pool(s) from C:\Users\mirce\PhpstormProjects\appster\3rdPartyFiles\mariadb10.4.10\data\ib_buffer_pool
2019-11-24 19:59:21 0 [Note] Plugin 'FEEDBACK' is disabled.
3rdPartyFiles\mariadb10.4.10\bin\mysqld: Too many arguments (first extra is 'start').
2019-11-24 19:59:21 0 [ERROR] Aborting
InnoDB: using atomic writes.
2019-11-24 20:00:24 0 [Note] InnoDB: Mutexes and rw_locks use Windows interlocked functions
2019-11-24 20:00:24 0 [Note] InnoDB: Uses event mutexes
2019-11-24 20:00:24 0 [Note] InnoDB: Compressed tables use zlib 1.2.11
2019-11-24 20:00:24 0 [Note] InnoDB: Number of pools: 1
2019-11-24 20:00:24 0 [Note] InnoDB: Using SSE2 crc32 instructions
2019-11-24 20:00:24 0 [Note] InnoDB: Initializing buffer pool, total size = 128M, instances = 1, chunk size = 128M
2019-11-24 20:00:24 0 [Note] InnoDB: Completed initialization of buffer pool
2019-11-24 20:00:24 0 [Note] InnoDB: 128 out of 128 rollback segments are active.
2019-11-24 20:00:24 0 [Note] InnoDB: Creating shared tablespace for temporary tables
2019-11-24 20:00:24 0 [Note] InnoDB: Setting file '.\ibtmp1' size to 12 MB. Physically writing the file full; Please wait ...
2019-11-24 20:00:24 0 [Note] InnoDB: File '.\ibtmp1' size is now 12 MB.
2019-11-24 20:00:24 0 [Note] InnoDB: Waiting for purge to start
2019-11-24 20:00:24 0 [Note] InnoDB: 10.4.10 started; log sequence number 139890; transaction id 21
2019-11-24 20:00:24 0 [Note] InnoDB: Loading buffer pool(s) from C:\Users\mirce\PhpstormProjects\appster\3rdPartyFiles\mariadb10.4.10\data\ib_buffer_pool
2019-11-24 20:00:24 0 [Note] Plugin 'FEEDBACK' is disabled.
2019-11-24 20:00:24 0 [Note] Server socket created on IP: '::'.
2019-11-24 20:00:24 0 [Note] InnoDB: Buffer pool(s) load completed at 191124 20:00:24
2019-11-24 20:00:24 0 [Note] Reading of all Master_info entries succeeded
2019-11-24 20:00:24 0 [Note] Added new Master_info '' to hash table
2019-11-24 20:00:24 0 [Note] C:\Users\mirce\PhpstormProjects\appster\3rdPartyFiles\mariadb10.4.10\bin\mysqld.exe: ready for connections.
Version: '10.4.10-MariaDB'  socket: ''  port: 3306  mariadb.org binary distribution
InnoDB: using atomic writes.
2019-11-24 20:00:41 0 [ERROR] InnoDB: The innodb_system data file 'ibdata1' must be writable
2019-11-24 20:00:41 0 [ERROR] InnoDB: The innodb_system data file 'ibdata1' must be writable
2019-11-24 20:00:41 0 [ERROR] Plugin 'InnoDB' init function returned error.
2019-11-24 20:00:41 0 [ERROR] Plugin 'InnoDB' registration as a STORAGE ENGINE failed.
2019-11-24 20:00:41 0 [Note] Plugin 'FEEDBACK' is disabled.
3rdPartyFiles\mariadb10.4.10\bin\mysqld: Too many arguments (first extra is 'start').
2019-11-24 20:00:41 0 [ERROR] Aborting
InnoDB: using atomic writes.
2019-11-24 20:01:37 0 [Note] InnoDB: Mutexes and rw_locks use Windows interlocked functions
2019-11-24 20:01:37 0 [Note] InnoDB: Uses event mutexes
2019-11-24 20:01:37 0 [Note] InnoDB: Compressed tables use zlib 1.2.11
2019-11-24 20:01:37 0 [Note] InnoDB: Number of pools: 1
2019-11-24 20:01:37 0 [Note] InnoDB: Using SSE2 crc32 instructions
2019-11-24 20:01:37 0 [Note] InnoDB: Initializing buffer pool, total size = 128M, instances = 1, chunk size = 128M
2019-11-24 20:01:37 0 [Note] InnoDB: Completed initialization of buffer pool
2019-11-24 20:01:37 0 [Note] InnoDB: Starting crash recovery from checkpoint LSN=139890
2019-11-24 20:01:37 0 [Note] InnoDB: 128 out of 128 rollback segments are active.
2019-11-24 20:01:37 0 [Note] InnoDB: Removed temporary tablespace data file: "ibtmp1"
2019-11-24 20:01:37 0 [Note] InnoDB: Creating shared tablespace for temporary tables
2019-11-24 20:01:37 0 [Note] InnoDB: Setting file '.\ibtmp1' size to 12 MB. Physically writing the file full; Please wait ...
2019-11-24 20:01:37 0 [Note] InnoDB: File '.\ibtmp1' size is now 12 MB.
2019-11-24 20:01:37 0 [Note] InnoDB: Waiting for purge to start
2019-11-24 20:01:37 0 [Note] InnoDB: 10.4.10 started; log sequence number 139899; transaction id 21
2019-11-24 20:01:37 0 [Note] InnoDB: Loading buffer pool(s) from C:\Users\mirce\PhpstormProjects\appster\3rdPartyFiles\mariadb10.4.10\data\ib_buffer_pool
2019-11-24 20:01:37 0 [Note] Plugin 'FEEDBACK' is disabled.
2019-11-24 20:01:37 0 [Note] Server socket created on IP: '::'.
2019-11-24 20:01:37 0 [Note] InnoDB: Buffer pool(s) load completed at 191124 20:01:37
2019-11-24 20:01:37 0 [Note] Reading of all Master_info entries succeeded
2019-11-24 20:01:37 0 [Note] Added new Master_info '' to hash table
2019-11-24 20:01:37 0 [Note] C:\Users\mirce\PhpstormProjects\appster\3rdPartyFiles\mariadb10.4.10\bin\mysqld.exe: ready for connections.
Version: '10.4.10-MariaDB'  socket: ''  port: 3306  mariadb.org binary distribution
InnoDB: using atomic writes.
2019-11-24 20:02:46 0 [Note] InnoDB: Mutexes and rw_locks use Windows interlocked functions
2019-11-24 20:02:46 0 [Note] InnoDB: Uses event mutexes
2019-11-24 20:02:46 0 [Note] InnoDB: Compressed tables use zlib 1.2.11
2019-11-24 20:02:46 0 [Note] InnoDB: Number of pools: 1
2019-11-24 20:02:46 0 [Note] InnoDB: Using SSE2 crc32 instructions
2019-11-24 20:02:46 0 [Note] InnoDB: Initializing buffer pool, total size = 128M, instances = 1, chunk size = 128M
2019-11-24 20:02:46 0 [Note] InnoDB: Completed initialization of buffer pool
2019-11-24 20:02:46 0 [Note] InnoDB: Starting crash recovery from checkpoint LSN=139908
2019-11-24 20:02:46 0 [Note] InnoDB: 128 out of 128 rollback segments are active.
2019-11-24 20:02:46 0 [Note] InnoDB: Removed temporary tablespace data file: "ibtmp1"
2019-11-24 20:02:46 0 [Note] InnoDB: Creating shared tablespace for temporary tables
2019-11-24 20:02:46 0 [Note] InnoDB: Setting file '.\ibtmp1' size to 12 MB. Physically writing the file full; Please wait ...
2019-11-24 20:02:46 0 [Note] InnoDB: File '.\ibtmp1' size is now 12 MB.
2019-11-24 20:02:46 0 [Note] InnoDB: Waiting for purge to start
2019-11-24 20:02:46 0 [Note] InnoDB: 10.4.10 started; log sequence number 139917; transaction id 21
2019-11-24 20:02:46 0 [Note] InnoDB: Loading buffer pool(s) from C:\Users\mirce\PhpstormProjects\appster\3rdPartyFiles\mariadb10.4.10\data\ib_buffer_pool
2019-11-24 20:02:46 0 [Note] Plugin 'FEEDBACK' is disabled.
2019-11-24 20:02:46 0 [Note] Server socket created on IP: '::'.
2019-11-24 20:02:46 0 [Note] InnoDB: Buffer pool(s) load completed at 191124 20:02:46
2019-11-24 20:02:46 0 [Note] Reading of all Master_info entries succeeded
2019-11-24 20:02:46 0 [Note] Added new Master_info '' to hash table
2019-11-24 20:02:46 0 [Note] .\3rdPartyFiles\mariadb10.4.10\bin\mysqld: ready for connections.
Version: '10.4.10-MariaDB'  socket: ''  port: 3306  mariadb.org binary distribution
InnoDB: using atomic writes.
2019-11-24 20:03:22 0 [Note] InnoDB: Mutexes and rw_locks use Windows interlocked functions
2019-11-24 20:03:22 0 [Note] InnoDB: Uses event mutexes
2019-11-24 20:03:22 0 [Note] InnoDB: Compressed tables use zlib 1.2.11
2019-11-24 20:03:22 0 [Note] InnoDB: Number of pools: 1
2019-11-24 20:03:22 0 [Note] InnoDB: Using SSE2 crc32 instructions
2019-11-24 20:03:22 0 [Note] InnoDB: Initializing buffer pool, total size = 128M, instances = 1, chunk size = 128M
2019-11-24 20:03:22 0 [Note] InnoDB: Completed initialization of buffer pool
2019-11-24 20:03:22 0 [Note] InnoDB: Starting crash recovery from checkpoint LSN=139926
2019-11-24 20:03:22 0 [Note] InnoDB: 128 out of 128 rollback segments are active.
2019-11-24 20:03:22 0 [Note] InnoDB: Removed temporary tablespace data file: "ibtmp1"
2019-11-24 20:03:22 0 [Note] InnoDB: Creating shared tablespace for temporary tables
2019-11-24 20:03:22 0 [Note] InnoDB: Setting file '.\ibtmp1' size to 12 MB. Physically writing the file full; Please wait ...
2019-11-24 20:03:22 0 [Note] InnoDB: File '.\ibtmp1' size is now 12 MB.
2019-11-24 20:03:22 0 [Note] InnoDB: Waiting for purge to start
2019-11-24 20:03:22 0 [Note] InnoDB: 10.4.10 started; log sequence number 139935; transaction id 21
2019-11-24 20:03:22 0 [Note] InnoDB: Loading buffer pool(s) from C:\Users\mirce\PhpstormProjects\appster\3rdPartyFiles\mariadb10.4.10\data\ib_buffer_pool
2019-11-24 20:03:22 0 [Note] Plugin 'FEEDBACK' is disabled.
2019-11-24 20:03:22 0 [Note] Server socket created on IP: '::'.
2019-11-24 20:03:22 0 [Note] InnoDB: Buffer pool(s) load completed at 191124 20:03:22
2019-11-24 20:03:22 0 [Note] Reading of all Master_info entries succeeded
2019-11-24 20:03:22 0 [Note] Added new Master_info '' to hash table
2019-11-24 20:03:22 0 [Note] .\3rdPartyFiles\mariadb10.4.10\bin\mysqld: ready for connections.
Version: '10.4.10-MariaDB'  socket: ''  port: 3306  mariadb.org binary distribution
2019-11-24 20:03:22 0 [Note] .\3rdPartyFiles\mariadb10.4.10\bin\mysqld (initiated by: root[root] @ localhost [127.0.0.1]): Normal shutdown
2019-11-24 20:03:22 0 [Note] Event Scheduler: Purging the queue. 0 events
2019-11-24 20:03:22 0 [Note] InnoDB: FTS optimize thread exiting.
2019-11-24 20:03:22 0 [Note] InnoDB: Starting shutdown...
2019-11-24 20:03:22 0 [Note] InnoDB: Dumping buffer pool(s) to C:\Users\mirce\PhpstormProjects\appster\3rdPartyFiles\mariadb10.4.10\data\ib_buffer_pool
2019-11-24 20:03:22 0 [Note] InnoDB: Buffer pool(s) dump completed at 191124 20:03:22
2019-11-24 20:03:23 0 [Note] InnoDB: Shutdown completed; log sequence number 139944; transaction id 22
2019-11-24 20:03:23 0 [Note] InnoDB: Removed temporary tablespace data file: "ibtmp1"
2019-11-24 20:03:23 0 [Note] .\3rdPartyFiles\mariadb10.4.10\bin\mysqld: Shutdown complete

InnoDB: using atomic writes.
2019-11-24 20:03:50 0 [Note] InnoDB: Mutexes and rw_locks use Windows interlocked functions
2019-11-24 20:03:50 0 [Note] InnoDB: Uses event mutexes
2019-11-24 20:03:50 0 [Note] InnoDB: Compressed tables use zlib 1.2.11
2019-11-24 20:03:50 0 [Note] InnoDB: Number of pools: 1
2019-11-24 20:03:50 0 [Note] InnoDB: Using SSE2 crc32 instructions
2019-11-24 20:03:50 0 [Note] InnoDB: Initializing buffer pool, total size = 128M, instances = 1, chunk size = 128M
2019-11-24 20:03:50 0 [Note] InnoDB: Completed initialization of buffer pool
2019-11-24 20:03:50 0 [Note] InnoDB: 128 out of 128 rollback segments are active.
2019-11-24 20:03:50 0 [Note] InnoDB: Creating shared tablespace for temporary tables
2019-11-24 20:03:50 0 [Note] InnoDB: Setting file '.\ibtmp1' size to 12 MB. Physically writing the file full; Please wait ...
2019-11-24 20:03:50 0 [Note] InnoDB: File '.\ibtmp1' size is now 12 MB.
2019-11-24 20:03:50 0 [Note] InnoDB: Waiting for purge to start
2019-11-24 20:03:50 0 [Note] InnoDB: 10.4.10 started; log sequence number 139944; transaction id 21
2019-11-24 20:03:50 0 [Note] InnoDB: Loading buffer pool(s) from C:\Users\mirce\PhpstormProjects\appster\3rdPartyFiles\mariadb10.4.10\data\ib_buffer_pool
2019-11-24 20:03:50 0 [Note] Plugin 'FEEDBACK' is disabled.
2019-11-24 20:03:50 0 [Note] Server socket created on IP: '::'.
2019-11-24 20:03:50 0 [Note] InnoDB: Buffer pool(s) load completed at 191124 20:03:50
2019-11-24 20:03:50 0 [Note] Reading of all Master_info entries succeeded
2019-11-24 20:03:50 0 [Note] Added new Master_info '' to hash table
2019-11-24 20:03:50 0 [Note] .\3rdPartyFiles\mariadb10.4.10\bin\mysqld: ready for connections.
Version: '10.4.10-MariaDB'  socket: ''  port: 3306  mariadb.org binary distribution
InnoDB: using atomic writes.
2019-11-24 20:04:14 0 [Note] InnoDB: Mutexes and rw_locks use Windows interlocked functions
2019-11-24 20:04:14 0 [Note] InnoDB: Uses event mutexes
2019-11-24 20:04:14 0 [Note] InnoDB: Compressed tables use zlib 1.2.11
2019-11-24 20:04:14 0 [Note] InnoDB: Number of pools: 1
2019-11-24 20:04:14 0 [Note] InnoDB: Using SSE2 crc32 instructions
2019-11-24 20:04:14 0 [Note] InnoDB: Initializing buffer pool, total size = 128M, instances = 1, chunk size = 128M
2019-11-24 20:04:14 0 [Note] InnoDB: Completed initialization of buffer pool
2019-11-24 20:04:14 0 [Note] InnoDB: Starting crash recovery from checkpoint LSN=139944
2019-11-24 20:04:14 0 [Note] InnoDB: 128 out of 128 rollback segments are active.
2019-11-24 20:04:14 0 [Note] InnoDB: Removed temporary tablespace data file: "ibtmp1"
2019-11-24 20:04:14 0 [Note] InnoDB: Creating shared tablespace for temporary tables
2019-11-24 20:04:14 0 [Note] InnoDB: Setting file '.\ibtmp1' size to 12 MB. Physically writing the file full; Please wait ...
2019-11-24 20:04:14 0 [Note] InnoDB: File '.\ibtmp1' size is now 12 MB.
2019-11-24 20:04:14 0 [Note] InnoDB: Waiting for purge to start
2019-11-24 20:04:14 0 [Note] InnoDB: 10.4.10 started; log sequence number 139953; transaction id 21
2019-11-24 20:04:14 0 [Note] InnoDB: Loading buffer pool(s) from C:\Users\mirce\PhpstormProjects\appster\3rdPartyFiles\mariadb10.4.10\data\ib_buffer_pool
2019-11-24 20:04:14 0 [Note] Plugin 'FEEDBACK' is disabled.
2019-11-24 20:04:14 0 [Note] Server socket created on IP: '::'.
2019-11-24 20:04:14 0 [Note] InnoDB: Buffer pool(s) load completed at 191124 20:04:14
2019-11-24 20:04:14 0 [Note] Reading of all Master_info entries succeeded
2019-11-24 20:04:14 0 [Note] Added new Master_info '' to hash table
2019-11-24 20:04:14 0 [Note] .\3rdPartyFiles\mariadb10.4.10\bin\mysqld: ready for connections.
Version: '10.4.10-MariaDB'  socket: ''  port: 3306  mariadb.org binary distribution
2019-11-24 20:04:14 0 [Note] .\3rdPartyFiles\mariadb10.4.10\bin\mysqld (initiated by: root[root] @ localhost [127.0.0.1]): Normal shutdown
2019-11-24 20:04:14 0 [Note] Event Scheduler: Purging the queue. 0 events
2019-11-24 20:04:14 0 [Note] InnoDB: FTS optimize thread exiting.
2019-11-24 20:04:14 0 [Note] InnoDB: Starting shutdown...
2019-11-24 20:04:14 0 [Note] InnoDB: Dumping buffer pool(s) to C:\Users\mirce\PhpstormProjects\appster\3rdPartyFiles\mariadb10.4.10\data\ib_buffer_pool
2019-11-24 20:04:14 0 [Note] InnoDB: Buffer pool(s) dump completed at 191124 20:04:14
2019-11-24 20:04:15 0 [Note] InnoDB: Shutdown completed; log sequence number 139962; transaction id 22
2019-11-24 20:04:15 0 [Note] InnoDB: Removed temporary tablespace data file: "ibtmp1"
2019-11-24 20:04:15 0 [Note] .\3rdPartyFiles\mariadb10.4.10\bin\mysqld: Shutdown complete

InnoDB: using atomic writes.
2019-11-24 20:12:37 0 [Note] InnoDB: Mutexes and rw_locks use Windows interlocked functions
2019-11-24 20:12:37 0 [Note] InnoDB: Uses event mutexes
2019-11-24 20:12:37 0 [Note] InnoDB: Compressed tables use zlib 1.2.11
2019-11-24 20:12:37 0 [Note] InnoDB: Number of pools: 1
2019-11-24 20:12:37 0 [Note] InnoDB: Using SSE2 crc32 instructions
2019-11-24 20:12:37 0 [Note] InnoDB: Initializing buffer pool, total size = 128M, instances = 1, chunk size = 128M
2019-11-24 20:12:37 0 [Note] InnoDB: Completed initialization of buffer pool
2019-11-24 20:12:37 0 [Note] InnoDB: 128 out of 128 rollback segments are active.
2019-11-24 20:12:37 0 [Note] InnoDB: Creating shared tablespace for temporary tables
2019-11-24 20:12:37 0 [Note] InnoDB: Setting file '.\ibtmp1' size to 12 MB. Physically writing the file full; Please wait ...
2019-11-24 20:12:37 0 [Note] InnoDB: File '.\ibtmp1' size is now 12 MB.
2019-11-24 20:12:37 0 [Note] InnoDB: Waiting for purge to start
2019-11-24 20:12:37 0 [Note] InnoDB: 10.4.10 started; log sequence number 139962; transaction id 21
2019-11-24 20:12:37 0 [Note] InnoDB: Loading buffer pool(s) from C:\Users\mirce\PhpstormProjects\appster\3rdPartyFiles\mariadb10.4.10\data\ib_buffer_pool
2019-11-24 20:12:37 0 [Note] Plugin 'FEEDBACK' is disabled.
2019-11-24 20:12:37 0 [Note] Server socket created on IP: '::'.
2019-11-24 20:12:37 0 [Note] InnoDB: Buffer pool(s) load completed at 191124 20:12:37
2019-11-24 20:12:37 0 [Note] Reading of all Master_info entries succeeded
2019-11-24 20:12:37 0 [Note] Added new Master_info '' to hash table
2019-11-24 20:12:37 0 [Note] .\3rdPartyFiles\mariadb10.4.10\bin\mysqld: ready for connections.
Version: '10.4.10-MariaDB'  socket: ''  port: 3306  mariadb.org binary distribution
2019-11-24 20:12:38 0 [Note] .\3rdPartyFiles\mariadb10.4.10\bin\mysqld (initiated by: root[root] @ localhost [127.0.0.1]): Normal shutdown
2019-11-24 20:12:38 0 [Note] Event Scheduler: Purging the queue. 0 events
2019-11-24 20:12:38 0 [Note] InnoDB: FTS optimize thread exiting.
2019-11-24 20:12:38 0 [Note] InnoDB: Starting shutdown...
2019-11-24 20:12:38 0 [Note] InnoDB: Dumping buffer pool(s) to C:\Users\mirce\PhpstormProjects\appster\3rdPartyFiles\mariadb10.4.10\data\ib_buffer_pool
2019-11-24 20:12:38 0 [Note] InnoDB: Buffer pool(s) dump completed at 191124 20:12:38
2019-11-24 20:12:39 0 [Note] InnoDB: Shutdown completed; log sequence number 139971; transaction id 22
2019-11-24 20:12:39 0 [Note] InnoDB: Removed temporary tablespace data file: "ibtmp1"
2019-11-24 20:12:39 0 [Note] .\3rdPartyFiles\mariadb10.4.10\bin\mysqld: Shutdown complete

InnoDB: using atomic writes.
2019-11-25  2:21:28 0 [Note] InnoDB: Mutexes and rw_locks use Windows interlocked functions
2019-11-25  2:21:28 0 [Note] InnoDB: Uses event mutexes
2019-11-25  2:21:28 0 [Note] InnoDB: Compressed tables use zlib 1.2.11
2019-11-25  2:21:28 0 [Note] InnoDB: Number of pools: 1
2019-11-25  2:21:28 0 [Note] InnoDB: Using SSE2 crc32 instructions
2019-11-25  2:21:28 0 [Note] InnoDB: Initializing buffer pool, total size = 128M, instances = 1, chunk size = 128M
2019-11-25  2:21:28 0 [Note] InnoDB: Completed initialization of buffer pool
2019-11-25  2:21:29 0 [Note] InnoDB: 128 out of 128 rollback segments are active.
2019-11-25  2:21:29 0 [Note] InnoDB: Creating shared tablespace for temporary tables
2019-11-25  2:21:29 0 [Note] InnoDB: Setting file '.\ibtmp1' size to 12 MB. Physically writing the file full; Please wait ...
2019-11-25  2:21:29 0 [Note] InnoDB: File '.\ibtmp1' size is now 12 MB.
2019-11-25  2:21:29 0 [Note] InnoDB: Waiting for purge to start
2019-11-25  2:21:29 0 [Note] InnoDB: 10.4.10 started; log sequence number 139971; transaction id 21
2019-11-25  2:21:29 0 [Note] InnoDB: Loading buffer pool(s) from C:\Users\mirce\PhpstormProjects\appster\3rdPartyFiles\mariadb10.4.10\data\ib_buffer_pool
2019-11-25  2:21:29 0 [Note] Plugin 'FEEDBACK' is disabled.
2019-11-25  2:21:29 0 [Note] InnoDB: Buffer pool(s) load completed at 191125  2:21:29
2019-11-25  2:21:29 0 [Note] Server socket created on IP: '::'.
2019-11-25  2:21:29 0 [Note] Reading of all Master_info entries succeeded
2019-11-25  2:21:29 0 [Note] Added new Master_info '' to hash table
2019-11-25  2:21:29 0 [Note] .\3rdPartyFiles\mariadb10.4.10\bin\mysqld: ready for connections.
Version: '10.4.10-MariaDB'  socket: ''  port: 3306  mariadb.org binary distribution
2019-11-25  2:22:37 10 [Warning] Aborted connection 10 to db: 'mysql' user: 'root' host: 'localhost' (Got an error reading communication packets)
2019-11-25  2:22:37 13 [Warning] Aborted connection 13 to db: 'appster' user: 'root' host: 'localhost' (Got an error reading communication packets)
2019-11-25  2:22:37 14 [Warning] Aborted connection 14 to db: 'appster' user: 'root' host: 'localhost' (Got an error reading communication packets)
2019-11-25  2:22:37 12 [Warning] Aborted connection 12 to db: 'appster' user: 'root' host: 'localhost' (Got an error reading communication packets)
InnoDB: using atomic writes.
2019-11-25  2:31:19 0 [ERROR] InnoDB: The innodb_system data file 'ibdata1' must be writable
2019-11-25  2:31:19 0 [ERROR] InnoDB: The innodb_system data file 'ibdata1' must be writable
2019-11-25  2:31:19 0 [ERROR] Plugin 'InnoDB' init function returned error.
2019-11-25  2:31:19 0 [ERROR] Plugin 'InnoDB' registration as a STORAGE ENGINE failed.
2019-11-25  2:31:19 0 [Note] Plugin 'FEEDBACK' is disabled.
2019-11-25  2:31:19 0 [ERROR] Unknown/unsupported storage engine: InnoDB
2019-11-25  2:31:19 0 [ERROR] Aborting
2019-11-25  2:31:23 16 [Warning] Aborted connection 16 to db: 'mysql' user: 'root' host: 'localhost' (Got an error reading communication packets)
InnoDB: using atomic writes.
2019-11-25  2:33:32 0 [ERROR] InnoDB: The innodb_system data file 'ibdata1' must be writable
2019-11-25  2:33:32 0 [ERROR] InnoDB: The innodb_system data file 'ibdata1' must be writable
2019-11-25  2:33:32 0 [ERROR] Plugin 'InnoDB' init function returned error.
2019-11-25  2:33:32 0 [ERROR] Plugin 'InnoDB' registration as a STORAGE ENGINE failed.
2019-11-25  2:33:32 0 [Note] Plugin 'FEEDBACK' is disabled.
2019-11-25  2:33:32 0 [ERROR] Unknown/unsupported storage engine: InnoDB
2019-11-25  2:33:32 0 [ERROR] Aborting
2019-11-25  2:33:36 18 [Warning] Aborted connection 18 to db: 'mysql' user: 'root' host: 'localhost' (Got an error reading communication packets)
InnoDB: using atomic writes.
2019-11-25  2:33:54 0 [ERROR] InnoDB: The innodb_system data file 'ibdata1' must be writable
2019-11-25  2:33:54 0 [ERROR] InnoDB: The innodb_system data file 'ibdata1' must be writable
2019-11-25  2:33:54 0 [ERROR] Plugin 'InnoDB' init function returned error.
2019-11-25  2:33:54 0 [ERROR] Plugin 'InnoDB' registration as a STORAGE ENGINE failed.
2019-11-25  2:33:54 0 [Note] Plugin 'FEEDBACK' is disabled.
2019-11-25  2:33:54 0 [ERROR] Unknown/unsupported storage engine: InnoDB
2019-11-25  2:33:54 0 [ERROR] Aborting
InnoDB: using atomic writes.
2019-11-25  2:47:52 0 [ERROR] InnoDB: The innodb_system data file 'ibdata1' must be writable
2019-11-25  2:47:52 0 [ERROR] InnoDB: The innodb_system data file 'ibdata1' must be writable
2019-11-25  2:47:52 0 [ERROR] Plugin 'InnoDB' init function returned error.
2019-11-25  2:47:52 0 [ERROR] Plugin 'InnoDB' registration as a STORAGE ENGINE failed.
2019-11-25  2:47:52 0 [Note] Plugin 'FEEDBACK' is disabled.
2019-11-25  2:47:52 0 [ERROR] Unknown/unsupported storage engine: InnoDB
2019-11-25  2:47:52 0 [ERROR] Aborting
InnoDB: using atomic writes.
2019-11-25  2:48:04 0 [ERROR] InnoDB: The innodb_system data file 'ibdata1' must be writable
2019-11-25  2:48:04 0 [ERROR] InnoDB: The innodb_system data file 'ibdata1' must be writable
2019-11-25  2:48:04 0 [ERROR] Plugin 'InnoDB' init function returned error.
2019-11-25  2:48:04 0 [ERROR] Plugin 'InnoDB' registration as a STORAGE ENGINE failed.
2019-11-25  2:48:04 0 [Note] Plugin 'FEEDBACK' is disabled.
2019-11-25  2:48:04 0 [ERROR] Unknown/unsupported storage engine: InnoDB
2019-11-25  2:48:04 0 [ERROR] Aborting
InnoDB: using atomic writes.
2019-11-25  2:48:26 0 [ERROR] InnoDB: The innodb_system data file 'ibdata1' must be writable
2019-11-25  2:48:26 0 [ERROR] InnoDB: The innodb_system data file 'ibdata1' must be writable
2019-11-25  2:48:26 0 [ERROR] Plugin 'InnoDB' init function returned error.
2019-11-25  2:48:26 0 [ERROR] Plugin 'InnoDB' registration as a STORAGE ENGINE failed.
2019-11-25  2:48:26 0 [Note] Plugin 'FEEDBACK' is disabled.
2019-11-25  2:48:26 0 [ERROR] Unknown/unsupported storage engine: InnoDB
2019-11-25  2:48:26 0 [ERROR] Aborting
InnoDB: using atomic writes.
2019-11-25  2:48:49 0 [ERROR] InnoDB: The innodb_system data file 'ibdata1' must be writable
2019-11-25  2:48:49 0 [ERROR] InnoDB: The innodb_system data file 'ibdata1' must be writable
2019-11-25  2:48:49 0 [ERROR] Plugin 'InnoDB' init function returned error.
2019-11-25  2:48:49 0 [ERROR] Plugin 'InnoDB' registration as a STORAGE ENGINE failed.
2019-11-25  2:48:49 0 [Note] Plugin 'FEEDBACK' is disabled.
2019-11-25  2:48:49 0 [ERROR] Unknown/unsupported storage engine: InnoDB
2019-11-25  2:48:49 0 [ERROR] Aborting
InnoDB: using atomic writes.
2019-11-25  2:48:55 0 [ERROR] InnoDB: The innodb_system data file 'ibdata1' must be writable
2019-11-25  2:48:55 0 [ERROR] InnoDB: The innodb_system data file 'ibdata1' must be writable
2019-11-25  2:48:55 0 [ERROR] Plugin 'InnoDB' init function returned error.
2019-11-25  2:48:55 0 [ERROR] Plugin 'InnoDB' registration as a STORAGE ENGINE failed.
2019-11-25  2:48:55 0 [Note] Plugin 'FEEDBACK' is disabled.
2019-11-25  2:48:55 0 [ERROR] Unknown/unsupported storage engine: InnoDB
2019-11-25  2:48:55 0 [ERROR] Aborting
InnoDB: using atomic writes.
2019-11-25  2:50:31 0 [ERROR] InnoDB: The innodb_system data file 'ibdata1' must be writable
2019-11-25  2:50:31 0 [ERROR] InnoDB: The innodb_system data file 'ibdata1' must be writable
2019-11-25  2:50:31 0 [ERROR] Plugin 'InnoDB' init function returned error.
2019-11-25  2:50:31 0 [ERROR] Plugin 'InnoDB' registration as a STORAGE ENGINE failed.
2019-11-25  2:50:31 0 [Note] Plugin 'FEEDBACK' is disabled.
2019-11-25  2:50:31 0 [ERROR] Unknown/unsupported storage engine: InnoDB
2019-11-25  2:50:31 0 [ERROR] Aborting
InnoDB: using atomic writes.
2019-11-25  2:50:56 0 [ERROR] InnoDB: The innodb_system data file 'ibdata1' must be writable
2019-11-25  2:50:56 0 [ERROR] InnoDB: The innodb_system data file 'ibdata1' must be writable
2019-11-25  2:50:56 0 [ERROR] Plugin 'InnoDB' init function returned error.
2019-11-25  2:50:56 0 [ERROR] Plugin 'InnoDB' registration as a STORAGE ENGINE failed.
2019-11-25  2:50:56 0 [Note] Plugin 'FEEDBACK' is disabled.
2019-11-25  2:50:56 0 [ERROR] Unknown/unsupported storage engine: InnoDB
2019-11-25  2:50:56 0 [ERROR] Aborting
InnoDB: using atomic writes.
2019-11-25  2:51:09 0 [ERROR] InnoDB: The innodb_system data file 'ibdata1' must be writable
2019-11-25  2:51:09 0 [ERROR] InnoDB: The innodb_system data file 'ibdata1' must be writable
2019-11-25  2:51:09 0 [ERROR] Plugin 'InnoDB' init function returned error.
2019-11-25  2:51:09 0 [ERROR] Plugin 'InnoDB' registration as a STORAGE ENGINE failed.
2019-11-25  2:51:09 0 [Note] Plugin 'FEEDBACK' is disabled.
2019-11-25  2:51:09 0 [ERROR] Unknown/unsupported storage engine: InnoDB
2019-11-25  2:51:09 0 [ERROR] Aborting
InnoDB: using atomic writes.
2019-11-25  2:51:18 0 [Note] InnoDB: Mutexes and rw_locks use Windows interlocked functions
2019-11-25  2:51:18 0 [Note] InnoDB: Uses event mutexes
2019-11-25  2:51:18 0 [Note] InnoDB: Compressed tables use zlib 1.2.11
2019-11-25  2:51:18 0 [Note] InnoDB: Number of pools: 1
2019-11-25  2:51:18 0 [Note] InnoDB: Using SSE2 crc32 instructions
2019-11-25  2:51:18 0 [Note] InnoDB: Initializing buffer pool, total size = 128M, instances = 1, chunk size = 128M
2019-11-25  2:51:18 0 [Note] InnoDB: Completed initialization of buffer pool
2019-11-25  2:51:18 0 [Note] InnoDB: Starting crash recovery from checkpoint LSN=139971
2019-11-25  2:51:19 0 [Note] InnoDB: 128 out of 128 rollback segments are active.
2019-11-25  2:51:19 0 [Note] InnoDB: Removed temporary tablespace data file: "ibtmp1"
2019-11-25  2:51:19 0 [Note] InnoDB: Creating shared tablespace for temporary tables
2019-11-25  2:51:19 0 [Note] InnoDB: Setting file '.\ibtmp1' size to 12 MB. Physically writing the file full; Please wait ...
2019-11-25  2:51:19 0 [Note] InnoDB: File '.\ibtmp1' size is now 12 MB.
2019-11-25  2:51:19 0 [Note] InnoDB: Waiting for purge to start
2019-11-25  2:51:19 0 [Note] InnoDB: 10.4.10 started; log sequence number 139980; transaction id 21
2019-11-25  2:51:19 0 [Note] InnoDB: Loading buffer pool(s) from C:\Users\mirce\PhpstormProjects\appster\3rdPartyFiles\mariadb10.4.10\data\ib_buffer_pool
2019-11-25  2:51:19 0 [Note] Plugin 'FEEDBACK' is disabled.
2019-11-25  2:51:19 0 [Note] Server socket created on IP: '::'.
2019-11-25  2:51:19 0 [Note] InnoDB: Buffer pool(s) load completed at 191125  2:51:19
2019-11-25  2:51:19 0 [Note] Reading of all Master_info entries succeeded
2019-11-25  2:51:19 0 [Note] Added new Master_info '' to hash table
2019-11-25  2:51:19 0 [Note] .\3rdPartyFiles\mariadb10.4.10\bin\mysqld: ready for connections.
Version: '10.4.10-MariaDB'  socket: ''  port: 3306  mariadb.org binary distribution
InnoDB: using atomic writes.
2019-11-25  2:51:24 0 [ERROR] InnoDB: The innodb_system data file 'ibdata1' must be writable
2019-11-25  2:51:24 0 [ERROR] InnoDB: The innodb_system data file 'ibdata1' must be writable
2019-11-25  2:51:24 0 [ERROR] Plugin 'InnoDB' init function returned error.
2019-11-25  2:51:24 0 [ERROR] Plugin 'InnoDB' registration as a STORAGE ENGINE failed.
2019-11-25  2:51:24 0 [Note] Plugin 'FEEDBACK' is disabled.
2019-11-25  2:51:24 0 [ERROR] Unknown/unsupported storage engine: InnoDB
2019-11-25  2:51:24 0 [ERROR] Aborting
InnoDB: using atomic writes.
2019-11-25  2:51:48 0 [ERROR] InnoDB: The innodb_system data file 'ibdata1' must be writable
2019-11-25  2:51:48 0 [ERROR] InnoDB: The innodb_system data file 'ibdata1' must be writable
2019-11-25  2:51:48 0 [ERROR] Plugin 'InnoDB' init function returned error.
2019-11-25  2:51:48 0 [ERROR] Plugin 'InnoDB' registration as a STORAGE ENGINE failed.
2019-11-25  2:51:48 0 [Note] Plugin 'FEEDBACK' is disabled.
2019-11-25  2:51:48 0 [ERROR] Unknown/unsupported storage engine: InnoDB
2019-11-25  2:51:48 0 [ERROR] Aborting
InnoDB: using atomic writes.
2019-11-25  2:51:58 0 [ERROR] InnoDB: The innodb_system data file 'ibdata1' must be writable
2019-11-25  2:51:58 0 [ERROR] InnoDB: The innodb_system data file 'ibdata1' must be writable
2019-11-25  2:51:58 0 [ERROR] Plugin 'InnoDB' init function returned error.
2019-11-25  2:51:58 0 [ERROR] Plugin 'InnoDB' registration as a STORAGE ENGINE failed.
2019-11-25  2:51:58 0 [Note] Plugin 'FEEDBACK' is disabled.
2019-11-25  2:51:58 0 [ERROR] Unknown/unsupported storage engine: InnoDB
2019-11-25  2:51:58 0 [ERROR] Aborting
InnoDB: using atomic writes.
2019-11-25  2:52:13 0 [ERROR] InnoDB: The innodb_system data file 'ibdata1' must be writable
2019-11-25  2:52:13 0 [ERROR] InnoDB: The innodb_system data file 'ibdata1' must be writable
2019-11-25  2:52:13 0 [ERROR] Plugin 'InnoDB' init function returned error.
2019-11-25  2:52:13 0 [ERROR] Plugin 'InnoDB' registration as a STORAGE ENGINE failed.
2019-11-25  2:52:13 0 [Note] Plugin 'FEEDBACK' is disabled.
2019-11-25  2:52:13 0 [ERROR] Unknown/unsupported storage engine: InnoDB
2019-11-25  2:52:13 0 [ERROR] Aborting
InnoDB: using atomic writes.
2019-11-25  2:52:27 0 [ERROR] InnoDB: The innodb_system data file 'ibdata1' must be writable
2019-11-25  2:52:27 0 [ERROR] InnoDB: The innodb_system data file 'ibdata1' must be writable
2019-11-25  2:52:27 0 [ERROR] Plugin 'InnoDB' init function returned error.
2019-11-25  2:52:27 0 [ERROR] Plugin 'InnoDB' registration as a STORAGE ENGINE failed.
2019-11-25  2:52:27 0 [Note] Plugin 'FEEDBACK' is disabled.
2019-11-25  2:52:27 0 [ERROR] Unknown/unsupported storage engine: InnoDB
2019-11-25  2:52:27 0 [ERROR] Aborting
InnoDB: using atomic writes.
2019-11-25  2:52:44 0 [ERROR] InnoDB: The innodb_system data file 'ibdata1' must be writable
2019-11-25  2:52:44 0 [ERROR] InnoDB: The innodb_system data file 'ibdata1' must be writable
2019-11-25  2:52:44 0 [ERROR] Plugin 'InnoDB' init function returned error.
2019-11-25  2:52:44 0 [ERROR] Plugin 'InnoDB' registration as a STORAGE ENGINE failed.
2019-11-25  2:52:44 0 [Note] Plugin 'FEEDBACK' is disabled.
2019-11-25  2:52:44 0 [ERROR] Unknown/unsupported storage engine: InnoDB
2019-11-25  2:52:44 0 [ERROR] Aborting
InnoDB: using atomic writes.
2019-11-25  2:53:11 0 [ERROR] InnoDB: The innodb_system data file 'ibdata1' must be writable
2019-11-25  2:53:11 0 [ERROR] InnoDB: The innodb_system data file 'ibdata1' must be writable
2019-11-25  2:53:11 0 [ERROR] Plugin 'InnoDB' init function returned error.
2019-11-25  2:53:11 0 [ERROR] Plugin 'InnoDB' registration as a STORAGE ENGINE failed.
2019-11-25  2:53:11 0 [Note] Plugin 'FEEDBACK' is disabled.
2019-11-25  2:53:11 0 [ERROR] Unknown/unsupported storage engine: InnoDB
2019-11-25  2:53:11 0 [ERROR] Aborting
InnoDB: using atomic writes.
2019-11-25  2:54:21 0 [Note] InnoDB: Mutexes and rw_locks use Windows interlocked functions
2019-11-25  2:54:21 0 [Note] InnoDB: Uses event mutexes
2019-11-25  2:54:21 0 [Note] InnoDB: Compressed tables use zlib 1.2.11
2019-11-25  2:54:21 0 [Note] InnoDB: Number of pools: 1
2019-11-25  2:54:21 0 [Note] InnoDB: Using SSE2 crc32 instructions
2019-11-25  2:54:21 0 [Note] InnoDB: Initializing buffer pool, total size = 128M, instances = 1, chunk size = 128M
2019-11-25  2:54:21 0 [Note] InnoDB: Completed initialization of buffer pool
2019-11-25  2:54:21 0 [Note] InnoDB: Starting crash recovery from checkpoint LSN=139989
2019-11-25  2:54:21 0 [Note] InnoDB: 128 out of 128 rollback segments are active.
2019-11-25  2:54:21 0 [Note] InnoDB: Removed temporary tablespace data file: "ibtmp1"
2019-11-25  2:54:21 0 [Note] InnoDB: Creating shared tablespace for temporary tables
2019-11-25  2:54:21 0 [Note] InnoDB: Setting file '.\ibtmp1' size to 12 MB. Physically writing the file full; Please wait ...
2019-11-25  2:54:21 0 [Note] InnoDB: File '.\ibtmp1' size is now 12 MB.
2019-11-25  2:54:21 0 [Note] InnoDB: Waiting for purge to start
2019-11-25  2:54:21 0 [Note] InnoDB: 10.4.10 started; log sequence number 139998; transaction id 21
2019-11-25  2:54:21 0 [Note] InnoDB: Loading buffer pool(s) from C:\Users\mirce\PhpstormProjects\appster\3rdPartyFiles\mariadb10.4.10\data\ib_buffer_pool
2019-11-25  2:54:21 0 [Note] Plugin 'FEEDBACK' is disabled.
2019-11-25  2:54:21 0 [Note] Server socket created on IP: '::'.
2019-11-25  2:54:21 0 [Note] InnoDB: Buffer pool(s) load completed at 191125  2:54:21
2019-11-25  2:54:21 0 [Note] Reading of all Master_info entries succeeded
2019-11-25  2:54:21 0 [Note] Added new Master_info '' to hash table
2019-11-25  2:54:21 0 [Note] .\3rdPartyFiles\mariadb10.4.10\bin\mysqld: ready for connections.
Version: '10.4.10-MariaDB'  socket: ''  port: 3306  mariadb.org binary distribution
InnoDB: using atomic writes.
2019-11-25  2:54:51 0 [ERROR] InnoDB: The innodb_system data file 'ibdata1' must be writable
2019-11-25  2:54:51 0 [ERROR] InnoDB: The innodb_system data file 'ibdata1' must be writable
2019-11-25  2:54:51 0 [ERROR] Plugin 'InnoDB' init function returned error.
2019-11-25  2:54:51 0 [ERROR] Plugin 'InnoDB' registration as a STORAGE ENGINE failed.
2019-11-25  2:54:51 0 [Note] Plugin 'FEEDBACK' is disabled.
2019-11-25  2:54:51 0 [ERROR] Unknown/unsupported storage engine: InnoDB
2019-11-25  2:54:51 0 [ERROR] Aborting
InnoDB: using atomic writes.
2019-11-25  2:55:10 0 [ERROR] InnoDB: The innodb_system data file 'ibdata1' must be writable
2019-11-25  2:55:10 0 [ERROR] InnoDB: The innodb_system data file 'ibdata1' must be writable
2019-11-25  2:55:10 0 [ERROR] Plugin 'InnoDB' init function returned error.
2019-11-25  2:55:10 0 [ERROR] Plugin 'InnoDB' registration as a STORAGE ENGINE failed.
2019-11-25  2:55:10 0 [Note] Plugin 'FEEDBACK' is disabled.
2019-11-25  2:55:10 0 [ERROR] Unknown/unsupported storage engine: InnoDB
2019-11-25  2:55:10 0 [ERROR] Aborting
InnoDB: using atomic writes.
2019-11-25  2:55:41 0 [ERROR] InnoDB: The innodb_system data file 'ibdata1' must be writable
2019-11-25  2:55:41 0 [ERROR] InnoDB: The innodb_system data file 'ibdata1' must be writable
2019-11-25  2:55:41 0 [ERROR] Plugin 'InnoDB' init function returned error.
2019-11-25  2:55:41 0 [ERROR] Plugin 'InnoDB' registration as a STORAGE ENGINE failed.
2019-11-25  2:55:41 0 [Note] Plugin 'FEEDBACK' is disabled.
2019-11-25  2:55:41 0 [ERROR] Unknown/unsupported storage engine: InnoDB
2019-11-25  2:55:41 0 [ERROR] Aborting
InnoDB: using atomic writes.
2019-11-25  2:55:52 0 [ERROR] InnoDB: The innodb_system data file 'ibdata1' must be writable
2019-11-25  2:55:52 0 [ERROR] InnoDB: The innodb_system data file 'ibdata1' must be writable
2019-11-25  2:55:52 0 [ERROR] Plugin 'InnoDB' init function returned error.
2019-11-25  2:55:52 0 [ERROR] Plugin 'InnoDB' registration as a STORAGE ENGINE failed.
2019-11-25  2:55:52 0 [Note] Plugin 'FEEDBACK' is disabled.
2019-11-25  2:55:52 0 [ERROR] Unknown/unsupported storage engine: InnoDB
2019-11-25  2:55:52 0 [ERROR] Aborting
InnoDB: using atomic writes.
2019-11-25  2:56:05 0 [ERROR] InnoDB: The innodb_system data file 'ibdata1' must be writable
2019-11-25  2:56:05 0 [ERROR] InnoDB: The innodb_system data file 'ibdata1' must be writable
2019-11-25  2:56:05 0 [ERROR] Plugin 'InnoDB' init function returned error.
2019-11-25  2:56:05 0 [ERROR] Plugin 'InnoDB' registration as a STORAGE ENGINE failed.
2019-11-25  2:56:05 0 [Note] Plugin 'FEEDBACK' is disabled.
2019-11-25  2:56:05 0 [ERROR] Unknown/unsupported storage engine: InnoDB
2019-11-25  2:56:05 0 [ERROR] Aborting
InnoDB: using atomic writes.
2019-11-25  2:56:24 0 [ERROR] InnoDB: The innodb_system data file 'ibdata1' must be writable
2019-11-25  2:56:24 0 [ERROR] InnoDB: The innodb_system data file 'ibdata1' must be writable
2019-11-25  2:56:24 0 [ERROR] Plugin 'InnoDB' init function returned error.
2019-11-25  2:56:24 0 [ERROR] Plugin 'InnoDB' registration as a STORAGE ENGINE failed.
2019-11-25  2:56:24 0 [Note] Plugin 'FEEDBACK' is disabled.
2019-11-25  2:56:24 0 [ERROR] Unknown/unsupported storage engine: InnoDB
2019-11-25  2:56:24 0 [ERROR] Aborting
InnoDB: using atomic writes.
2019-11-25  2:56:46 0 [ERROR] InnoDB: The innodb_system data file 'ibdata1' must be writable
2019-11-25  2:56:46 0 [ERROR] InnoDB: The innodb_system data file 'ibdata1' must be writable
2019-11-25  2:56:46 0 [ERROR] Plugin 'InnoDB' init function returned error.
2019-11-25  2:56:46 0 [ERROR] Plugin 'InnoDB' registration as a STORAGE ENGINE failed.
2019-11-25  2:56:46 0 [Note] Plugin 'FEEDBACK' is disabled.
2019-11-25  2:56:46 0 [ERROR] Unknown/unsupported storage engine: InnoDB
2019-11-25  2:56:46 0 [ERROR] Aborting
InnoDB: using atomic writes.
2019-11-25  2:57:00 0 [ERROR] InnoDB: The innodb_system data file 'ibdata1' must be writable
2019-11-25  2:57:00 0 [ERROR] InnoDB: The innodb_system data file 'ibdata1' must be writable
2019-11-25  2:57:00 0 [ERROR] Plugin 'InnoDB' init function returned error.
2019-11-25  2:57:00 0 [ERROR] Plugin 'InnoDB' registration as a STORAGE ENGINE failed.
2019-11-25  2:57:00 0 [Note] Plugin 'FEEDBACK' is disabled.
2019-11-25  2:57:00 0 [ERROR] Unknown/unsupported storage engine: InnoDB
2019-11-25  2:57:00 0 [ERROR] Aborting
InnoDB: using atomic writes.
2019-11-25  2:57:16 0 [ERROR] InnoDB: The innodb_system data file 'ibdata1' must be writable
2019-11-25  2:57:16 0 [ERROR] InnoDB: The innodb_system data file 'ibdata1' must be writable
2019-11-25  2:57:16 0 [ERROR] Plugin 'InnoDB' init function returned error.
2019-11-25  2:57:16 0 [ERROR] Plugin 'InnoDB' registration as a STORAGE ENGINE failed.
2019-11-25  2:57:16 0 [Note] Plugin 'FEEDBACK' is disabled.
2019-11-25  2:57:16 0 [ERROR] Unknown/unsupported storage engine: InnoDB
2019-11-25  2:57:16 0 [ERROR] Aborting
InnoDB: using atomic writes.
2019-11-25  2:57:27 0 [ERROR] InnoDB: The innodb_system data file 'ibdata1' must be writable
2019-11-25  2:57:27 0 [ERROR] InnoDB: The innodb_system data file 'ibdata1' must be writable
2019-11-25  2:57:27 0 [ERROR] Plugin 'InnoDB' init function returned error.
2019-11-25  2:57:27 0 [ERROR] Plugin 'InnoDB' registration as a STORAGE ENGINE failed.
2019-11-25  2:57:27 0 [Note] Plugin 'FEEDBACK' is disabled.
2019-11-25  2:57:27 0 [ERROR] Unknown/unsupported storage engine: InnoDB
2019-11-25  2:57:27 0 [ERROR] Aborting
InnoDB: using atomic writes.
2019-11-25  2:57:36 0 [ERROR] InnoDB: The innodb_system data file 'ibdata1' must be writable
2019-11-25  2:57:36 0 [ERROR] InnoDB: The innodb_system data file 'ibdata1' must be writable
2019-11-25  2:57:36 0 [ERROR] Plugin 'InnoDB' init function returned error.
2019-11-25  2:57:36 0 [ERROR] Plugin 'InnoDB' registration as a STORAGE ENGINE failed.
2019-11-25  2:57:36 0 [Note] Plugin 'FEEDBACK' is disabled.
2019-11-25  2:57:36 0 [ERROR] Unknown/unsupported storage engine: InnoDB
2019-11-25  2:57:36 0 [ERROR] Aborting
InnoDB: using atomic writes.
2019-11-25  2:57:46 0 [ERROR] InnoDB: The innodb_system data file 'ibdata1' must be writable
2019-11-25  2:57:46 0 [ERROR] InnoDB: The innodb_system data file 'ibdata1' must be writable
2019-11-25  2:57:46 0 [ERROR] Plugin 'InnoDB' init function returned error.
2019-11-25  2:57:46 0 [ERROR] Plugin 'InnoDB' registration as a STORAGE ENGINE failed.
2019-11-25  2:57:46 0 [Note] Plugin 'FEEDBACK' is disabled.
2019-11-25  2:57:46 0 [ERROR] Unknown/unsupported storage engine: InnoDB
2019-11-25  2:57:46 0 [ERROR] Aborting
InnoDB: using atomic writes.
2019-11-25  2:58:14 0 [ERROR] InnoDB: The innodb_system data file 'ibdata1' must be writable
2019-11-25  2:58:14 0 [ERROR] InnoDB: The innodb_system data file 'ibdata1' must be writable
2019-11-25  2:58:14 0 [ERROR] Plugin 'InnoDB' init function returned error.
2019-11-25  2:58:14 0 [ERROR] Plugin 'InnoDB' registration as a STORAGE ENGINE failed.
2019-11-25  2:58:14 0 [Note] Plugin 'FEEDBACK' is disabled.
2019-11-25  2:58:14 0 [ERROR] Unknown/unsupported storage engine: InnoDB
2019-11-25  2:58:14 0 [ERROR] Aborting
InnoDB: using atomic writes.
2019-11-25  2:58:23 0 [ERROR] InnoDB: The innodb_system data file 'ibdata1' must be writable
2019-11-25  2:58:23 0 [ERROR] InnoDB: The innodb_system data file 'ibdata1' must be writable
2019-11-25  2:58:23 0 [ERROR] Plugin 'InnoDB' init function returned error.
2019-11-25  2:58:23 0 [ERROR] Plugin 'InnoDB' registration as a STORAGE ENGINE failed.
2019-11-25  2:58:23 0 [Note] Plugin 'FEEDBACK' is disabled.
2019-11-25  2:58:23 0 [ERROR] Unknown/unsupported storage engine: InnoDB
2019-11-25  2:58:23 0 [ERROR] Aborting
InnoDB: using atomic writes.
2019-11-25  2:58:43 0 [ERROR] InnoDB: The innodb_system data file 'ibdata1' must be writable
2019-11-25  2:58:43 0 [ERROR] InnoDB: The innodb_system data file 'ibdata1' must be writable
2019-11-25  2:58:43 0 [ERROR] Plugin 'InnoDB' init function returned error.
2019-11-25  2:58:43 0 [ERROR] Plugin 'InnoDB' registration as a STORAGE ENGINE failed.
2019-11-25  2:58:43 0 [Note] Plugin 'FEEDBACK' is disabled.
2019-11-25  2:58:43 0 [ERROR] Unknown/unsupported storage engine: InnoDB
2019-11-25  2:58:43 0 [ERROR] Aborting
InnoDB: using atomic writes.
2019-11-25  2:58:51 0 [ERROR] InnoDB: The innodb_system data file 'ibdata1' must be writable
2019-11-25  2:58:51 0 [ERROR] InnoDB: The innodb_system data file 'ibdata1' must be writable
2019-11-25  2:58:51 0 [ERROR] Plugin 'InnoDB' init function returned error.
2019-11-25  2:58:51 0 [ERROR] Plugin 'InnoDB' registration as a STORAGE ENGINE failed.
2019-11-25  2:58:51 0 [Note] Plugin 'FEEDBACK' is disabled.
2019-11-25  2:58:51 0 [ERROR] Unknown/unsupported storage engine: InnoDB
2019-11-25  2:58:51 0 [ERROR] Aborting
InnoDB: using atomic writes.
2019-11-25  2:59:25 0 [Note] InnoDB: Mutexes and rw_locks use Windows interlocked functions
2019-11-25  2:59:25 0 [Note] InnoDB: Uses event mutexes
2019-11-25  2:59:25 0 [Note] InnoDB: Compressed tables use zlib 1.2.11
2019-11-25  2:59:25 0 [Note] InnoDB: Number of pools: 1
2019-11-25  2:59:25 0 [Note] InnoDB: Using SSE2 crc32 instructions
2019-11-25  2:59:25 0 [Note] InnoDB: Initializing buffer pool, total size = 128M, instances = 1, chunk size = 128M
2019-11-25  2:59:25 0 [Note] InnoDB: Completed initialization of buffer pool
2019-11-25  2:59:25 0 [Note] InnoDB: Starting crash recovery from checkpoint LSN=140007
2019-11-25  2:59:25 0 [Note] InnoDB: 128 out of 128 rollback segments are active.
2019-11-25  2:59:25 0 [Note] InnoDB: Removed temporary tablespace data file: "ibtmp1"
2019-11-25  2:59:25 0 [Note] InnoDB: Creating shared tablespace for temporary tables
2019-11-25  2:59:25 0 [Note] InnoDB: Setting file '.\ibtmp1' size to 12 MB. Physically writing the file full; Please wait ...
2019-11-25  2:59:25 0 [Note] InnoDB: File '.\ibtmp1' size is now 12 MB.
2019-11-25  2:59:25 0 [Note] InnoDB: Waiting for purge to start
2019-11-25  2:59:25 0 [Note] InnoDB: 10.4.10 started; log sequence number 140016; transaction id 21
2019-11-25  2:59:25 0 [Note] InnoDB: Loading buffer pool(s) from C:\Users\mirce\PhpstormProjects\appster\3rdPartyFiles\mariadb10.4.10\data\ib_buffer_pool
2019-11-25  2:59:25 0 [Note] Plugin 'FEEDBACK' is disabled.
2019-11-25  2:59:25 0 [Note] Server socket created on IP: '::'.
2019-11-25  2:59:25 0 [Note] InnoDB: Buffer pool(s) load completed at 191125  2:59:25
2019-11-25  2:59:25 0 [Note] Reading of all Master_info entries succeeded
2019-11-25  2:59:25 0 [Note] Added new Master_info '' to hash table
2019-11-25  2:59:25 0 [Note] .\3rdPartyFiles\mariadb10.4.10\bin\mysqld: ready for connections.
Version: '10.4.10-MariaDB'  socket: ''  port: 3306  mariadb.org binary distribution
InnoDB: using atomic writes.
2019-11-25  2:59:36 0 [ERROR] InnoDB: The innodb_system data file 'ibdata1' must be writable
2019-11-25  2:59:36 0 [ERROR] InnoDB: The innodb_system data file 'ibdata1' must be writable
2019-11-25  2:59:36 0 [ERROR] Plugin 'InnoDB' init function returned error.
2019-11-25  2:59:36 0 [ERROR] Plugin 'InnoDB' registration as a STORAGE ENGINE failed.
2019-11-25  2:59:36 0 [Note] Plugin 'FEEDBACK' is disabled.
2019-11-25  2:59:36 0 [ERROR] Unknown/unsupported storage engine: InnoDB
2019-11-25  2:59:36 0 [ERROR] Aborting
InnoDB: using atomic writes.
2019-11-25  2:59:46 0 [Note] InnoDB: Mutexes and rw_locks use Windows interlocked functions
2019-11-25  2:59:46 0 [Note] InnoDB: Uses event mutexes
2019-11-25  2:59:46 0 [Note] InnoDB: Compressed tables use zlib 1.2.11
2019-11-25  2:59:46 0 [Note] InnoDB: Number of pools: 1
2019-11-25  2:59:46 0 [Note] InnoDB: Using SSE2 crc32 instructions
2019-11-25  2:59:46 0 [Note] InnoDB: Initializing buffer pool, total size = 128M, instances = 1, chunk size = 128M
2019-11-25  2:59:46 0 [Note] InnoDB: Completed initialization of buffer pool
2019-11-25  2:59:46 0 [Note] InnoDB: Starting crash recovery from checkpoint LSN=140025
2019-11-25  2:59:46 0 [Note] InnoDB: 128 out of 128 rollback segments are active.
2019-11-25  2:59:46 0 [Note] InnoDB: Removed temporary tablespace data file: "ibtmp1"
2019-11-25  2:59:46 0 [Note] InnoDB: Creating shared tablespace for temporary tables
2019-11-25  2:59:46 0 [Note] InnoDB: Setting file '.\ibtmp1' size to 12 MB. Physically writing the file full; Please wait ...
2019-11-25  2:59:46 0 [Note] InnoDB: File '.\ibtmp1' size is now 12 MB.
2019-11-25  2:59:46 0 [Note] InnoDB: Waiting for purge to start
2019-11-25  2:59:46 0 [Note] InnoDB: 10.4.10 started; log sequence number 140034; transaction id 21
2019-11-25  2:59:46 0 [Note] InnoDB: Loading buffer pool(s) from C:\Users\mirce\PhpstormProjects\appster\3rdPartyFiles\mariadb10.4.10\data\ib_buffer_pool
2019-11-25  2:59:46 0 [Note] Plugin 'FEEDBACK' is disabled.
2019-11-25  2:59:46 0 [Note] Server socket created on IP: '::'.
2019-11-25  2:59:46 0 [Note] InnoDB: Buffer pool(s) load completed at 191125  2:59:46
2019-11-25  2:59:46 0 [Note] Reading of all Master_info entries succeeded
2019-11-25  2:59:46 0 [Note] Added new Master_info '' to hash table
2019-11-25  2:59:46 0 [Note] .\3rdPartyFiles\mariadb10.4.10\bin\mysqld: ready for connections.
Version: '10.4.10-MariaDB'  socket: ''  port: 3306  mariadb.org binary distribution
InnoDB: using atomic writes.
2019-11-25  3:00:05 0 [Note] InnoDB: Mutexes and rw_locks use Windows interlocked functions
2019-11-25  3:00:05 0 [Note] InnoDB: Uses event mutexes
2019-11-25  3:00:05 0 [Note] InnoDB: Compressed tables use zlib 1.2.11
2019-11-25  3:00:05 0 [Note] InnoDB: Number of pools: 1
2019-11-25  3:00:05 0 [Note] InnoDB: Using SSE2 crc32 instructions
2019-11-25  3:00:05 0 [Note] InnoDB: Initializing buffer pool, total size = 128M, instances = 1, chunk size = 128M
2019-11-25  3:00:05 0 [Note] InnoDB: Completed initialization of buffer pool
2019-11-25  3:00:05 0 [Note] InnoDB: Starting crash recovery from checkpoint LSN=140043
2019-11-25  3:00:06 0 [Note] InnoDB: 128 out of 128 rollback segments are active.
2019-11-25  3:00:06 0 [Note] InnoDB: Removed temporary tablespace data file: "ibtmp1"
2019-11-25  3:00:06 0 [Note] InnoDB: Creating shared tablespace for temporary tables
2019-11-25  3:00:06 0 [Note] InnoDB: Setting file '.\ibtmp1' size to 12 MB. Physically writing the file full; Please wait ...
2019-11-25  3:00:06 0 [Note] InnoDB: File '.\ibtmp1' size is now 12 MB.
2019-11-25  3:00:06 0 [Note] InnoDB: Waiting for purge to start
2019-11-25  3:00:06 0 [Note] InnoDB: 10.4.10 started; log sequence number 140052; transaction id 21
2019-11-25  3:00:06 0 [Note] InnoDB: Loading buffer pool(s) from C:\Users\mirce\PhpstormProjects\appster\3rdPartyFiles\mariadb10.4.10\data\ib_buffer_pool
2019-11-25  3:00:06 0 [Note] Plugin 'FEEDBACK' is disabled.
2019-11-25  3:00:06 0 [Note] Server socket created on IP: '::'.
2019-11-25  3:00:06 0 [Note] InnoDB: Buffer pool(s) load completed at 191125  3:00:06
2019-11-25  3:00:06 0 [Note] Reading of all Master_info entries succeeded
2019-11-25  3:00:06 0 [Note] Added new Master_info '' to hash table
2019-11-25  3:00:06 0 [Note] .\3rdPartyFiles\mariadb10.4.10\bin\mysqld: ready for connections.
Version: '10.4.10-MariaDB'  socket: ''  port: 3306  mariadb.org binary distribution
InnoDB: using atomic writes.
2019-11-25  3:00:43 0 [Note] InnoDB: Mutexes and rw_locks use Windows interlocked functions
2019-11-25  3:00:43 0 [Note] InnoDB: Uses event mutexes
2019-11-25  3:00:43 0 [Note] InnoDB: Compressed tables use zlib 1.2.11
2019-11-25  3:00:43 0 [Note] InnoDB: Number of pools: 1
2019-11-25  3:00:43 0 [Note] InnoDB: Using SSE2 crc32 instructions
2019-11-25  3:00:43 0 [Note] InnoDB: Initializing buffer pool, total size = 128M, instances = 1, chunk size = 128M
2019-11-25  3:00:43 0 [Note] InnoDB: Completed initialization of buffer pool
2019-11-25  3:00:43 0 [Note] InnoDB: Starting crash recovery from checkpoint LSN=140061
2019-11-25  3:00:43 0 [Note] InnoDB: 128 out of 128 rollback segments are active.
2019-11-25  3:00:43 0 [Note] InnoDB: Removed temporary tablespace data file: "ibtmp1"
2019-11-25  3:00:43 0 [Note] InnoDB: Creating shared tablespace for temporary tables
2019-11-25  3:00:43 0 [Note] InnoDB: Setting file '.\ibtmp1' size to 12 MB. Physically writing the file full; Please wait ...
2019-11-25  3:00:43 0 [Note] InnoDB: File '.\ibtmp1' size is now 12 MB.
2019-11-25  3:00:43 0 [Note] InnoDB: Waiting for purge to start
2019-11-25  3:00:43 0 [Note] InnoDB: 10.4.10 started; log sequence number 140070; transaction id 21
2019-11-25  3:00:43 0 [Note] InnoDB: Loading buffer pool(s) from C:\Users\mirce\PhpstormProjects\appster\3rdPartyFiles\mariadb10.4.10\data\ib_buffer_pool
2019-11-25  3:00:43 0 [Note] Plugin 'FEEDBACK' is disabled.
2019-11-25  3:00:43 0 [Note] Server socket created on IP: '::'.
2019-11-25  3:00:43 0 [Note] InnoDB: Buffer pool(s) load completed at 191125  3:00:43
2019-11-25  3:00:43 0 [Note] Reading of all Master_info entries succeeded
2019-11-25  3:00:43 0 [Note] Added new Master_info '' to hash table
2019-11-25  3:00:43 0 [Note] .\3rdPartyFiles\mariadb10.4.10\bin\mysqld: ready for connections.
Version: '10.4.10-MariaDB'  socket: ''  port: 3306  mariadb.org binary distribution
InnoDB: using atomic writes.
2019-11-25  3:01:09 0 [Note] InnoDB: Mutexes and rw_locks use Windows interlocked functions
2019-11-25  3:01:09 0 [Note] InnoDB: Uses event mutexes
2019-11-25  3:01:09 0 [Note] InnoDB: Compressed tables use zlib 1.2.11
2019-11-25  3:01:09 0 [Note] InnoDB: Number of pools: 1
2019-11-25  3:01:09 0 [Note] InnoDB: Using SSE2 crc32 instructions
2019-11-25  3:01:09 0 [Note] InnoDB: Initializing buffer pool, total size = 128M, instances = 1, chunk size = 128M
2019-11-25  3:01:09 0 [Note] InnoDB: Completed initialization of buffer pool
2019-11-25  3:01:09 0 [Note] InnoDB: Starting crash recovery from checkpoint LSN=140079
2019-11-25  3:01:09 0 [Note] InnoDB: 128 out of 128 rollback segments are active.
2019-11-25  3:01:09 0 [Note] InnoDB: Removed temporary tablespace data file: "ibtmp1"
2019-11-25  3:01:09 0 [Note] InnoDB: Creating shared tablespace for temporary tables
2019-11-25  3:01:09 0 [Note] InnoDB: Setting file '.\ibtmp1' size to 12 MB. Physically writing the file full; Please wait ...
2019-11-25  3:01:09 0 [Note] InnoDB: File '.\ibtmp1' size is now 12 MB.
2019-11-25  3:01:09 0 [Note] InnoDB: Waiting for purge to start
2019-11-25  3:01:09 0 [Note] InnoDB: 10.4.10 started; log sequence number 140088; transaction id 21
2019-11-25  3:01:09 0 [Note] InnoDB: Loading buffer pool(s) from C:\Users\mirce\PhpstormProjects\appster\3rdPartyFiles\mariadb10.4.10\data\ib_buffer_pool
2019-11-25  3:01:09 0 [Note] Plugin 'FEEDBACK' is disabled.
2019-11-25  3:01:09 0 [Note] Server socket created on IP: '::'.
2019-11-25  3:01:09 0 [Note] InnoDB: Buffer pool(s) load completed at 191125  3:01:09
2019-11-25  3:01:09 0 [Note] Reading of all Master_info entries succeeded
2019-11-25  3:01:09 0 [Note] Added new Master_info '' to hash table
2019-11-25  3:01:09 0 [Note] .\3rdPartyFiles\mariadb10.4.10\bin\mysqld: ready for connections.
Version: '10.4.10-MariaDB'  socket: ''  port: 3306  mariadb.org binary distribution
InnoDB: using atomic writes.
2019-11-25  3:01:24 0 [ERROR] InnoDB: The innodb_system data file 'ibdata1' must be writable
2019-11-25  3:01:24 0 [ERROR] InnoDB: The innodb_system data file 'ibdata1' must be writable
2019-11-25  3:01:24 0 [ERROR] Plugin 'InnoDB' init function returned error.
2019-11-25  3:01:24 0 [ERROR] Plugin 'InnoDB' registration as a STORAGE ENGINE failed.
2019-11-25  3:01:24 0 [Note] Plugin 'FEEDBACK' is disabled.
2019-11-25  3:01:24 0 [ERROR] Unknown/unsupported storage engine: InnoDB
2019-11-25  3:01:24 0 [ERROR] Aborting
InnoDB: using atomic writes.
2019-11-25  3:01:37 0 [ERROR] InnoDB: The innodb_system data file 'ibdata1' must be writable
2019-11-25  3:01:37 0 [ERROR] InnoDB: The innodb_system data file 'ibdata1' must be writable
2019-11-25  3:01:37 0 [ERROR] Plugin 'InnoDB' init function returned error.
2019-11-25  3:01:37 0 [ERROR] Plugin 'InnoDB' registration as a STORAGE ENGINE failed.
2019-11-25  3:01:37 0 [Note] Plugin 'FEEDBACK' is disabled.
2019-11-25  3:01:37 0 [ERROR] Unknown/unsupported storage engine: InnoDB
2019-11-25  3:01:37 0 [ERROR] Aborting
InnoDB: using atomic writes.
2019-11-25  3:01:43 0 [ERROR] InnoDB: The innodb_system data file 'ibdata1' must be writable
2019-11-25  3:01:43 0 [ERROR] InnoDB: The innodb_system data file 'ibdata1' must be writable
2019-11-25  3:01:43 0 [ERROR] Plugin 'InnoDB' init function returned error.
2019-11-25  3:01:43 0 [ERROR] Plugin 'InnoDB' registration as a STORAGE ENGINE failed.
2019-11-25  3:01:43 0 [Note] Plugin 'FEEDBACK' is disabled.
2019-11-25  3:01:43 0 [ERROR] Unknown/unsupported storage engine: InnoDB
2019-11-25  3:01:43 0 [ERROR] Aborting
InnoDB: using atomic writes.
2019-11-25  3:01:56 0 [ERROR] InnoDB: The innodb_system data file 'ibdata1' must be writable
2019-11-25  3:01:56 0 [ERROR] InnoDB: The innodb_system data file 'ibdata1' must be writable
2019-11-25  3:01:56 0 [ERROR] Plugin 'InnoDB' init function returned error.
2019-11-25  3:01:56 0 [ERROR] Plugin 'InnoDB' registration as a STORAGE ENGINE failed.
2019-11-25  3:01:56 0 [Note] Plugin 'FEEDBACK' is disabled.
2019-11-25  3:01:56 0 [ERROR] Unknown/unsupported storage engine: InnoDB
2019-11-25  3:01:56 0 [ERROR] Aborting
InnoDB: using atomic writes.
2019-11-25  3:02:09 0 [ERROR] InnoDB: The innodb_system data file 'ibdata1' must be writable
2019-11-25  3:02:09 0 [ERROR] InnoDB: The innodb_system data file 'ibdata1' must be writable
2019-11-25  3:02:09 0 [ERROR] Plugin 'InnoDB' init function returned error.
2019-11-25  3:02:09 0 [ERROR] Plugin 'InnoDB' registration as a STORAGE ENGINE failed.
2019-11-25  3:02:09 0 [Note] Plugin 'FEEDBACK' is disabled.
2019-11-25  3:02:09 0 [ERROR] Unknown/unsupported storage engine: InnoDB
2019-11-25  3:02:09 0 [ERROR] Aborting
InnoDB: using atomic writes.
2019-11-25  3:02:28 0 [ERROR] InnoDB: The innodb_system data file 'ibdata1' must be writable
2019-11-25  3:02:28 0 [ERROR] InnoDB: The innodb_system data file 'ibdata1' must be writable
2019-11-25  3:02:28 0 [ERROR] Plugin 'InnoDB' init function returned error.
2019-11-25  3:02:28 0 [ERROR] Plugin 'InnoDB' registration as a STORAGE ENGINE failed.
2019-11-25  3:02:28 0 [Note] Plugin 'FEEDBACK' is disabled.
2019-11-25  3:02:28 0 [ERROR] Unknown/unsupported storage engine: InnoDB
2019-11-25  3:02:28 0 [ERROR] Aborting
InnoDB: using atomic writes.
2019-11-25  3:02:34 0 [ERROR] InnoDB: The innodb_system data file 'ibdata1' must be writable
2019-11-25  3:02:34 0 [ERROR] InnoDB: The innodb_system data file 'ibdata1' must be writable
2019-11-25  3:02:34 0 [ERROR] Plugin 'InnoDB' init function returned error.
2019-11-25  3:02:34 0 [ERROR] Plugin 'InnoDB' registration as a STORAGE ENGINE failed.
2019-11-25  3:02:34 0 [Note] Plugin 'FEEDBACK' is disabled.
2019-11-25  3:02:34 0 [ERROR] Unknown/unsupported storage engine: InnoDB
2019-11-25  3:02:34 0 [ERROR] Aborting
InnoDB: using atomic writes.
2019-11-25  3:02:47 0 [ERROR] InnoDB: The innodb_system data file 'ibdata1' must be writable
2019-11-25  3:02:47 0 [ERROR] InnoDB: The innodb_system data file 'ibdata1' must be writable
2019-11-25  3:02:47 0 [ERROR] Plugin 'InnoDB' init function returned error.
2019-11-25  3:02:47 0 [ERROR] Plugin 'InnoDB' registration as a STORAGE ENGINE failed.
2019-11-25  3:02:47 0 [Note] Plugin 'FEEDBACK' is disabled.
2019-11-25  3:02:47 0 [ERROR] Unknown/unsupported storage engine: InnoDB
2019-11-25  3:02:47 0 [ERROR] Aborting
InnoDB: using atomic writes.
2019-11-25  3:02:54 0 [Note] InnoDB: Mutexes and rw_locks use Windows interlocked functions
2019-11-25  3:02:54 0 [Note] InnoDB: Uses event mutexes
2019-11-25  3:02:54 0 [Note] InnoDB: Compressed tables use zlib 1.2.11
2019-11-25  3:02:54 0 [Note] InnoDB: Number of pools: 1
2019-11-25  3:02:54 0 [Note] InnoDB: Using SSE2 crc32 instructions
2019-11-25  3:02:54 0 [Note] InnoDB: Initializing buffer pool, total size = 128M, instances = 1, chunk size = 128M
2019-11-25  3:02:54 0 [Note] InnoDB: Completed initialization of buffer pool
2019-11-25  3:02:54 0 [Note] InnoDB: Starting crash recovery from checkpoint LSN=140097
2019-11-25  3:02:54 0 [Note] InnoDB: 128 out of 128 rollback segments are active.
2019-11-25  3:02:54 0 [Note] InnoDB: Removed temporary tablespace data file: "ibtmp1"
2019-11-25  3:02:54 0 [Note] InnoDB: Creating shared tablespace for temporary tables
2019-11-25  3:02:54 0 [Note] InnoDB: Setting file '.\ibtmp1' size to 12 MB. Physically writing the file full; Please wait ...
2019-11-25  3:02:54 0 [Note] InnoDB: File '.\ibtmp1' size is now 12 MB.
2019-11-25  3:02:54 0 [Note] InnoDB: Waiting for purge to start
2019-11-25  3:02:54 0 [Note] InnoDB: 10.4.10 started; log sequence number 140106; transaction id 21
2019-11-25  3:02:54 0 [Note] InnoDB: Loading buffer pool(s) from C:\Users\mirce\PhpstormProjects\appster\3rdPartyFiles\mariadb10.4.10\data\ib_buffer_pool
2019-11-25  3:02:54 0 [Note] Plugin 'FEEDBACK' is disabled.
2019-11-25  3:02:54 0 [Note] Server socket created on IP: '::'.
2019-11-25  3:02:54 0 [Note] InnoDB: Buffer pool(s) load completed at 191125  3:02:54
2019-11-25  3:02:54 0 [Note] Reading of all Master_info entries succeeded
2019-11-25  3:02:54 0 [Note] Added new Master_info '' to hash table
2019-11-25  3:02:54 0 [Note] .\3rdPartyFiles\mariadb10.4.10\bin\mysqld: ready for connections.
Version: '10.4.10-MariaDB'  socket: ''  port: 3306  mariadb.org binary distribution
InnoDB: using atomic writes.
2019-11-25  3:03:10 0 [Note] InnoDB: Mutexes and rw_locks use Windows interlocked functions
2019-11-25  3:03:10 0 [Note] InnoDB: Uses event mutexes
2019-11-25  3:03:10 0 [Note] InnoDB: Compressed tables use zlib 1.2.11
2019-11-25  3:03:10 0 [Note] InnoDB: Number of pools: 1
2019-11-25  3:03:10 0 [Note] InnoDB: Using SSE2 crc32 instructions
2019-11-25  3:03:10 0 [Note] InnoDB: Initializing buffer pool, total size = 128M, instances = 1, chunk size = 128M
2019-11-25  3:03:10 0 [Note] InnoDB: Completed initialization of buffer pool
2019-11-25  3:03:10 0 [Note] InnoDB: Starting crash recovery from checkpoint LSN=140115
2019-11-25  3:03:10 0 [Note] InnoDB: 128 out of 128 rollback segments are active.
2019-11-25  3:03:10 0 [Note] InnoDB: Removed temporary tablespace data file: "ibtmp1"
2019-11-25  3:03:10 0 [Note] InnoDB: Creating shared tablespace for temporary tables
2019-11-25  3:03:10 0 [Note] InnoDB: Setting file '.\ibtmp1' size to 12 MB. Physically writing the file full; Please wait ...
2019-11-25  3:03:10 0 [Note] InnoDB: File '.\ibtmp1' size is now 12 MB.
2019-11-25  3:03:10 0 [Note] InnoDB: Waiting for purge to start
2019-11-25  3:03:10 0 [Note] InnoDB: 10.4.10 started; log sequence number 140124; transaction id 21
2019-11-25  3:03:10 0 [Note] InnoDB: Loading buffer pool(s) from C:\Users\mirce\PhpstormProjects\appster\3rdPartyFiles\mariadb10.4.10\data\ib_buffer_pool
2019-11-25  3:03:10 0 [Note] Plugin 'FEEDBACK' is disabled.
2019-11-25  3:03:10 0 [Note] Server socket created on IP: '::'.
2019-11-25  3:03:10 0 [Note] InnoDB: Buffer pool(s) load completed at 191125  3:03:10
2019-11-25  3:03:10 0 [Note] Reading of all Master_info entries succeeded
2019-11-25  3:03:10 0 [Note] Added new Master_info '' to hash table
2019-11-25  3:03:10 0 [Note] .\3rdPartyFiles\mariadb10.4.10\bin\mysqld: ready for connections.
Version: '10.4.10-MariaDB'  socket: ''  port: 3306  mariadb.org binary distribution
InnoDB: using atomic writes.
2019-11-25  3:03:32 0 [ERROR] InnoDB: The innodb_system data file 'ibdata1' must be writable
2019-11-25  3:03:32 0 [ERROR] InnoDB: The innodb_system data file 'ibdata1' must be writable
2019-11-25  3:03:32 0 [ERROR] Plugin 'InnoDB' init function returned error.
2019-11-25  3:03:32 0 [ERROR] Plugin 'InnoDB' registration as a STORAGE ENGINE failed.
2019-11-25  3:03:32 0 [Note] Plugin 'FEEDBACK' is disabled.
2019-11-25  3:03:32 0 [ERROR] Unknown/unsupported storage engine: InnoDB
2019-11-25  3:03:32 0 [ERROR] Aborting
2019-11-25  3:03:32 0 [Note] .\3rdPartyFiles\mariadb10.4.10\bin\mysqld (initiated by: root[root] @ localhost [127.0.0.1]): Normal shutdown
2019-11-25  3:03:32 0 [Note] Event Scheduler: Purging the queue. 0 events
2019-11-25  3:03:32 0 [Note] InnoDB: FTS optimize thread exiting.
2019-11-25  3:03:32 0 [Note] InnoDB: Starting shutdown...
2019-11-25  3:03:32 0 [Note] InnoDB: Dumping buffer pool(s) to C:\Users\mirce\PhpstormProjects\appster\3rdPartyFiles\mariadb10.4.10\data\ib_buffer_pool
2019-11-25  3:03:32 0 [Note] InnoDB: Buffer pool(s) dump completed at 191125  3:03:32
2019-11-25  3:03:34 0 [Note] InnoDB: Shutdown completed; log sequence number 140142; transaction id 22
2019-11-25  3:03:34 0 [Note] InnoDB: Removed temporary tablespace data file: "ibtmp1"
2019-11-25  3:03:34 0 [Note] .\3rdPartyFiles\mariadb10.4.10\bin\mysqld: Shutdown complete

InnoDB: using atomic writes.
2019-11-25  3:03:44 0 [Note] InnoDB: Mutexes and rw_locks use Windows interlocked functions
2019-11-25  3:03:44 0 [Note] InnoDB: Uses event mutexes
2019-11-25  3:03:44 0 [Note] InnoDB: Compressed tables use zlib 1.2.11
2019-11-25  3:03:44 0 [Note] InnoDB: Number of pools: 1
2019-11-25  3:03:44 0 [Note] InnoDB: Using SSE2 crc32 instructions
2019-11-25  3:03:44 0 [Note] InnoDB: Initializing buffer pool, total size = 128M, instances = 1, chunk size = 128M
2019-11-25  3:03:44 0 [Note] InnoDB: Completed initialization of buffer pool
2019-11-25  3:03:44 0 [Note] InnoDB: 128 out of 128 rollback segments are active.
2019-11-25  3:03:44 0 [Note] InnoDB: Creating shared tablespace for temporary tables
2019-11-25  3:03:44 0 [Note] InnoDB: Setting file '.\ibtmp1' size to 12 MB. Physically writing the file full; Please wait ...
2019-11-25  3:03:44 0 [Note] InnoDB: File '.\ibtmp1' size is now 12 MB.
2019-11-25  3:03:44 0 [Note] InnoDB: Waiting for purge to start
2019-11-25  3:03:44 0 [Note] InnoDB: 10.4.10 started; log sequence number 140142; transaction id 21
2019-11-25  3:03:44 0 [Note] InnoDB: Loading buffer pool(s) from C:\Users\mirce\PhpstormProjects\appster\3rdPartyFiles\mariadb10.4.10\data\ib_buffer_pool
2019-11-25  3:03:44 0 [Note] Plugin 'FEEDBACK' is disabled.
2019-11-25  3:03:44 0 [Note] Server socket created on IP: '::'.
2019-11-25  3:03:44 0 [Note] InnoDB: Buffer pool(s) load completed at 191125  3:03:44
2019-11-25  3:03:44 0 [Note] Reading of all Master_info entries succeeded
2019-11-25  3:03:44 0 [Note] Added new Master_info '' to hash table
2019-11-25  3:03:44 0 [Note] .\3rdPartyFiles\mariadb10.4.10\bin\mysqld: ready for connections.
Version: '10.4.10-MariaDB'  socket: ''  port: 3306  mariadb.org binary distribution
2019-11-25  3:03:44 0 [Note] .\3rdPartyFiles\mariadb10.4.10\bin\mysqld (initiated by: root[root] @ localhost [127.0.0.1]): Normal shutdown
2019-11-25  3:03:44 0 [Note] Event Scheduler: Purging the queue. 0 events
2019-11-25  3:03:44 0 [Note] InnoDB: FTS optimize thread exiting.
2019-11-25  3:03:45 0 [Note] InnoDB: Starting shutdown...
2019-11-25  3:03:45 0 [Note] InnoDB: Dumping buffer pool(s) to C:\Users\mirce\PhpstormProjects\appster\3rdPartyFiles\mariadb10.4.10\data\ib_buffer_pool
2019-11-25  3:03:45 0 [Note] InnoDB: Buffer pool(s) dump completed at 191125  3:03:45
2019-11-25  3:03:45 0 [Note] InnoDB: Shutdown completed; log sequence number 140151; transaction id 22
2019-11-25  3:03:45 0 [Note] InnoDB: Removed temporary tablespace data file: "ibtmp1"
2019-11-25  3:03:45 0 [Note] .\3rdPartyFiles\mariadb10.4.10\bin\mysqld: Shutdown complete

InnoDB: using atomic writes.
2019-11-25  3:04:00 0 [Note] InnoDB: Mutexes and rw_locks use Windows interlocked functions
2019-11-25  3:04:00 0 [Note] InnoDB: Uses event mutexes
2019-11-25  3:04:00 0 [Note] InnoDB: Compressed tables use zlib 1.2.11
2019-11-25  3:04:00 0 [Note] InnoDB: Number of pools: 1
2019-11-25  3:04:00 0 [Note] InnoDB: Using SSE2 crc32 instructions
2019-11-25  3:04:00 0 [Note] InnoDB: Initializing buffer pool, total size = 128M, instances = 1, chunk size = 128M
2019-11-25  3:04:00 0 [Note] InnoDB: Completed initialization of buffer pool
2019-11-25  3:04:00 0 [Note] InnoDB: 128 out of 128 rollback segments are active.
2019-11-25  3:04:00 0 [Note] InnoDB: Creating shared tablespace for temporary tables
2019-11-25  3:04:00 0 [Note] InnoDB: Setting file '.\ibtmp1' size to 12 MB. Physically writing the file full; Please wait ...
2019-11-25  3:04:00 0 [Note] InnoDB: File '.\ibtmp1' size is now 12 MB.
2019-11-25  3:04:00 0 [Note] InnoDB: Waiting for purge to start
2019-11-25  3:04:00 0 [Note] InnoDB: 10.4.10 started; log sequence number 140151; transaction id 21
2019-11-25  3:04:00 0 [Note] InnoDB: Loading buffer pool(s) from C:\Users\mirce\PhpstormProjects\appster\3rdPartyFiles\mariadb10.4.10\data\ib_buffer_pool
2019-11-25  3:04:00 0 [Note] Plugin 'FEEDBACK' is disabled.
2019-11-25  3:04:00 0 [Note] Server socket created on IP: '::'.
2019-11-25  3:04:00 0 [Note] InnoDB: Buffer pool(s) load completed at 191125  3:04:00
2019-11-25  3:04:00 0 [Note] Reading of all Master_info entries succeeded
2019-11-25  3:04:00 0 [Note] Added new Master_info '' to hash table
2019-11-25  3:04:00 0 [Note] .\3rdPartyFiles\mariadb10.4.10\bin\mysqld: ready for connections.
Version: '10.4.10-MariaDB'  socket: ''  port: 3306  mariadb.org binary distribution
InnoDB: using atomic writes.
2019-11-25  3:04:31 0 [ERROR] InnoDB: The innodb_system data file 'ibdata1' must be writable
2019-11-25  3:04:31 0 [ERROR] InnoDB: The innodb_system data file 'ibdata1' must be writable
2019-11-25  3:04:31 0 [ERROR] Plugin 'InnoDB' init function returned error.
2019-11-25  3:04:31 0 [ERROR] Plugin 'InnoDB' registration as a STORAGE ENGINE failed.
2019-11-25  3:04:31 0 [Note] Plugin 'FEEDBACK' is disabled.
2019-11-25  3:04:31 0 [ERROR] Unknown/unsupported storage engine: InnoDB
2019-11-25  3:04:31 0 [ERROR] Aborting
InnoDB: using atomic writes.
2019-11-25  3:18:20 0 [ERROR] InnoDB: The innodb_system data file 'ibdata1' must be writable
2019-11-25  3:18:20 0 [ERROR] InnoDB: The innodb_system data file 'ibdata1' must be writable
2019-11-25  3:18:20 0 [ERROR] Plugin 'InnoDB' init function returned error.
2019-11-25  3:18:20 0 [ERROR] Plugin 'InnoDB' registration as a STORAGE ENGINE failed.
2019-11-25  3:18:20 0 [Note] Plugin 'FEEDBACK' is disabled.
2019-11-25  3:18:20 0 [ERROR] Unknown/unsupported storage engine: InnoDB
2019-11-25  3:18:20 0 [ERROR] Aborting
2019-11-25  3:18:25 11 [Warning] Aborted connection 11 to db: 'mysql' user: 'root' host: 'localhost' (Got an error reading communication packets)
InnoDB: using atomic writes.
2019-11-25  3:19:25 0 [ERROR] InnoDB: The innodb_system data file 'ibdata1' must be writable
2019-11-25  3:19:25 0 [ERROR] InnoDB: The innodb_system data file 'ibdata1' must be writable
2019-11-25  3:19:25 0 [ERROR] Plugin 'InnoDB' init function returned error.
2019-11-25  3:19:25 0 [ERROR] Plugin 'InnoDB' registration as a STORAGE ENGINE failed.
2019-11-25  3:19:25 0 [Note] Plugin 'FEEDBACK' is disabled.
2019-11-25  3:19:25 0 [ERROR] Unknown/unsupported storage engine: InnoDB
2019-11-25  3:19:25 0 [ERROR] Aborting
InnoDB: using atomic writes.
2019-11-25  3:23:15 0 [ERROR] InnoDB: The innodb_system data file 'ibdata1' must be writable
2019-11-25  3:23:15 0 [ERROR] InnoDB: The innodb_system data file 'ibdata1' must be writable
2019-11-25  3:23:15 0 [ERROR] Plugin 'InnoDB' init function returned error.
2019-11-25  3:23:15 0 [ERROR] Plugin 'InnoDB' registration as a STORAGE ENGINE failed.
2019-11-25  3:23:15 0 [Note] Plugin 'FEEDBACK' is disabled.
2019-11-25  3:23:15 0 [ERROR] Unknown/unsupported storage engine: InnoDB
2019-11-25  3:23:15 0 [ERROR] Aborting
2019-11-25  3:23:16 15 [Warning] Aborted connection 15 to db: 'mysql' user: 'root' host: 'localhost' (Got an error reading communication packets)
InnoDB: using atomic writes.
2019-11-25  3:24:42 0 [ERROR] InnoDB: The innodb_system data file 'ibdata1' must be writable
2019-11-25  3:24:42 0 [ERROR] InnoDB: The innodb_system data file 'ibdata1' must be writable
2019-11-25  3:24:42 0 [ERROR] Plugin 'InnoDB' init function returned error.
2019-11-25  3:24:42 0 [ERROR] Plugin 'InnoDB' registration as a STORAGE ENGINE failed.
2019-11-25  3:24:42 0 [Note] Plugin 'FEEDBACK' is disabled.
2019-11-25  3:24:42 0 [ERROR] Unknown/unsupported storage engine: InnoDB
2019-11-25  3:24:42 0 [ERROR] Aborting
InnoDB: using atomic writes.
2019-11-25  3:25:33 0 [ERROR] InnoDB: The innodb_system data file 'ibdata1' must be writable
2019-11-25  3:25:33 0 [ERROR] InnoDB: The innodb_system data file 'ibdata1' must be writable
2019-11-25  3:25:33 0 [ERROR] Plugin 'InnoDB' init function returned error.
2019-11-25  3:25:33 0 [ERROR] Plugin 'InnoDB' registration as a STORAGE ENGINE failed.
2019-11-25  3:25:33 0 [Note] Plugin 'FEEDBACK' is disabled.
2019-11-25  3:25:33 0 [ERROR] Unknown/unsupported storage engine: InnoDB
2019-11-25  3:25:33 0 [ERROR] Aborting
InnoDB: using atomic writes.
2019-11-25  3:26:37 0 [ERROR] InnoDB: The innodb_system data file 'ibdata1' must be writable
2019-11-25  3:26:37 0 [ERROR] InnoDB: The innodb_system data file 'ibdata1' must be writable
2019-11-25  3:26:37 0 [ERROR] Plugin 'InnoDB' init function returned error.
2019-11-25  3:26:37 0 [ERROR] Plugin 'InnoDB' registration as a STORAGE ENGINE failed.
2019-11-25  3:26:37 0 [Note] Plugin 'FEEDBACK' is disabled.
2019-11-25  3:26:37 0 [ERROR] Unknown/unsupported storage engine: InnoDB
2019-11-25  3:26:37 0 [ERROR] Aborting
InnoDB: using atomic writes.
2019-11-25  3:27:09 0 [ERROR] InnoDB: The innodb_system data file 'ibdata1' must be writable
2019-11-25  3:27:09 0 [ERROR] InnoDB: The innodb_system data file 'ibdata1' must be writable
2019-11-25  3:27:09 0 [ERROR] Plugin 'InnoDB' init function returned error.
2019-11-25  3:27:09 0 [ERROR] Plugin 'InnoDB' registration as a STORAGE ENGINE failed.
2019-11-25  3:27:09 0 [Note] Plugin 'FEEDBACK' is disabled.
2019-11-25  3:27:09 0 [ERROR] Unknown/unsupported storage engine: InnoDB
2019-11-25  3:27:09 0 [ERROR] Aborting
InnoDB: using atomic writes.
2019-11-25  3:27:27 0 [ERROR] InnoDB: The innodb_system data file 'ibdata1' must be writable
2019-11-25  3:27:27 0 [ERROR] InnoDB: The innodb_system data file 'ibdata1' must be writable
2019-11-25  3:27:27 0 [ERROR] Plugin 'InnoDB' init function returned error.
2019-11-25  3:27:27 0 [ERROR] Plugin 'InnoDB' registration as a STORAGE ENGINE failed.
2019-11-25  3:27:27 0 [Note] Plugin 'FEEDBACK' is disabled.
2019-11-25  3:27:27 0 [ERROR] Unknown/unsupported storage engine: InnoDB
2019-11-25  3:27:27 0 [ERROR] Aborting
InnoDB: using atomic writes.
2019-11-25  3:36:19 0 [ERROR] InnoDB: The innodb_system data file 'ibdata1' must be writable
2019-11-25  3:36:19 0 [ERROR] InnoDB: The innodb_system data file 'ibdata1' must be writable
2019-11-25  3:36:19 0 [ERROR] Plugin 'InnoDB' init function returned error.
2019-11-25  3:36:19 0 [ERROR] Plugin 'InnoDB' registration as a STORAGE ENGINE failed.
2019-11-25  3:36:19 0 [Note] Plugin 'FEEDBACK' is disabled.
2019-11-25  3:36:19 0 [ERROR] Unknown/unsupported storage engine: InnoDB
2019-11-25  3:36:19 0 [ERROR] Aborting
InnoDB: using atomic writes.
2019-11-25  3:37:03 0 [ERROR] InnoDB: The innodb_system data file 'ibdata1' must be writable
2019-11-25  3:37:03 0 [ERROR] InnoDB: The innodb_system data file 'ibdata1' must be writable
2019-11-25  3:37:03 0 [ERROR] Plugin 'InnoDB' init function returned error.
2019-11-25  3:37:03 0 [ERROR] Plugin 'InnoDB' registration as a STORAGE ENGINE failed.
2019-11-25  3:37:03 0 [Note] Plugin 'FEEDBACK' is disabled.
2019-11-25  3:37:03 0 [ERROR] Unknown/unsupported storage engine: InnoDB
2019-11-25  3:37:03 0 [ERROR] Aborting
2019-11-25  3:37:04 29 [Warning] Aborted connection 29 to db: 'mysql' user: 'root' host: 'localhost' (Got an error reading communication packets)
InnoDB: using atomic writes.
2019-11-25  3:39:02 0 [ERROR] InnoDB: The innodb_system data file 'ibdata1' must be writable
2019-11-25  3:39:02 0 [ERROR] InnoDB: The innodb_system data file 'ibdata1' must be writable
2019-11-25  3:39:02 0 [ERROR] Plugin 'InnoDB' init function returned error.
2019-11-25  3:39:02 0 [ERROR] Plugin 'InnoDB' registration as a STORAGE ENGINE failed.
2019-11-25  3:39:02 0 [Note] Plugin 'FEEDBACK' is disabled.
2019-11-25  3:39:02 0 [ERROR] Unknown/unsupported storage engine: InnoDB
2019-11-25  3:39:02 0 [ERROR] Aborting
InnoDB: using atomic writes.
2019-11-25  3:39:23 0 [ERROR] InnoDB: The innodb_system data file 'ibdata1' must be writable
2019-11-25  3:39:23 0 [ERROR] InnoDB: The innodb_system data file 'ibdata1' must be writable
2019-11-25  3:39:23 0 [ERROR] Plugin 'InnoDB' init function returned error.
2019-11-25  3:39:23 0 [ERROR] Plugin 'InnoDB' registration as a STORAGE ENGINE failed.
2019-11-25  3:39:23 0 [Note] Plugin 'FEEDBACK' is disabled.
2019-11-25  3:39:23 0 [ERROR] Unknown/unsupported storage engine: InnoDB
2019-11-25  3:39:23 0 [ERROR] Aborting
InnoDB: using atomic writes.
2019-11-25  3:53:09 0 [ERROR] InnoDB: The innodb_system data file 'ibdata1' must be writable
2019-11-25  3:53:09 0 [ERROR] InnoDB: The innodb_system data file 'ibdata1' must be writable
2019-11-25  3:53:09 0 [ERROR] Plugin 'InnoDB' init function returned error.
2019-11-25  3:53:09 0 [ERROR] Plugin 'InnoDB' registration as a STORAGE ENGINE failed.
2019-11-25  3:53:09 0 [Note] Plugin 'FEEDBACK' is disabled.
2019-11-25  3:53:09 0 [ERROR] Unknown/unsupported storage engine: InnoDB
2019-11-25  3:53:09 0 [ERROR] Aborting
2019-11-25  3:53:11 35 [Warning] Aborted connection 35 to db: 'mysql' user: 'root' host: 'localhost' (Got an error reading communication packets)
InnoDB: using atomic writes.
2019-11-25  3:56:52 0 [ERROR] InnoDB: The innodb_system data file 'ibdata1' must be writable
2019-11-25  3:56:52 0 [ERROR] InnoDB: The innodb_system data file 'ibdata1' must be writable
2019-11-25  3:56:52 0 [ERROR] Plugin 'InnoDB' init function returned error.
2019-11-25  3:56:52 0 [ERROR] Plugin 'InnoDB' registration as a STORAGE ENGINE failed.
2019-11-25  3:56:52 0 [Note] Plugin 'FEEDBACK' is disabled.
2019-11-25  3:56:52 0 [ERROR] Unknown/unsupported storage engine: InnoDB
2019-11-25  3:56:52 0 [ERROR] Aborting
InnoDB: using atomic writes.
2019-11-25  3:57:42 0 [ERROR] InnoDB: The innodb_system data file 'ibdata1' must be writable
2019-11-25  3:57:42 0 [ERROR] InnoDB: The innodb_system data file 'ibdata1' must be writable
2019-11-25  3:57:42 0 [ERROR] Plugin 'InnoDB' init function returned error.
2019-11-25  3:57:42 0 [ERROR] Plugin 'InnoDB' registration as a STORAGE ENGINE failed.
2019-11-25  3:57:42 0 [Note] Plugin 'FEEDBACK' is disabled.
2019-11-25  3:57:42 0 [ERROR] Unknown/unsupported storage engine: InnoDB
2019-11-25  3:57:42 0 [ERROR] Aborting
2019-11-25  3:57:47 39 [Warning] Aborted connection 39 to db: 'mysql' user: 'root' host: 'localhost' (Got an error reading communication packets)
InnoDB: using atomic writes.
2019-11-25  3:58:02 0 [ERROR] InnoDB: The innodb_system data file 'ibdata1' must be writable
2019-11-25  3:58:02 0 [ERROR] InnoDB: The innodb_system data file 'ibdata1' must be writable
2019-11-25  3:58:02 0 [ERROR] Plugin 'InnoDB' init function returned error.
2019-11-25  3:58:02 0 [ERROR] Plugin 'InnoDB' registration as a STORAGE ENGINE failed.
2019-11-25  3:58:02 0 [Note] Plugin 'FEEDBACK' is disabled.
2019-11-25  3:58:02 0 [ERROR] Unknown/unsupported storage engine: InnoDB
2019-11-25  3:58:02 0 [ERROR] Aborting
InnoDB: using atomic writes.
2019-11-25  3:58:47 0 [ERROR] InnoDB: The innodb_system data file 'ibdata1' must be writable
2019-11-25  3:58:47 0 [ERROR] InnoDB: The innodb_system data file 'ibdata1' must be writable
2019-11-25  3:58:47 0 [ERROR] Plugin 'InnoDB' init function returned error.
2019-11-25  3:58:47 0 [ERROR] Plugin 'InnoDB' registration as a STORAGE ENGINE failed.
2019-11-25  3:58:47 0 [Note] Plugin 'FEEDBACK' is disabled.
2019-11-25  3:58:47 0 [ERROR] Unknown/unsupported storage engine: InnoDB
2019-11-25  3:58:47 0 [ERROR] Aborting
InnoDB: using atomic writes.
2019-11-25  3:59:12 0 [ERROR] InnoDB: The innodb_system data file 'ibdata1' must be writable
2019-11-25  3:59:12 0 [ERROR] InnoDB: The innodb_system data file 'ibdata1' must be writable
2019-11-25  3:59:12 0 [ERROR] Plugin 'InnoDB' init function returned error.
2019-11-25  3:59:12 0 [ERROR] Plugin 'InnoDB' registration as a STORAGE ENGINE failed.
2019-11-25  3:59:12 0 [Note] Plugin 'FEEDBACK' is disabled.
2019-11-25  3:59:12 0 [ERROR] Unknown/unsupported storage engine: InnoDB
2019-11-25  3:59:12 0 [ERROR] Aborting
InnoDB: using atomic writes.
2019-11-25  3:59:36 0 [ERROR] InnoDB: The innodb_system data file 'ibdata1' must be writable
2019-11-25  3:59:36 0 [ERROR] InnoDB: The innodb_system data file 'ibdata1' must be writable
2019-11-25  3:59:36 0 [ERROR] Plugin 'InnoDB' init function returned error.
2019-11-25  3:59:36 0 [ERROR] Plugin 'InnoDB' registration as a STORAGE ENGINE failed.
2019-11-25  3:59:36 0 [Note] Plugin 'FEEDBACK' is disabled.
2019-11-25  3:59:36 0 [ERROR] Unknown/unsupported storage engine: InnoDB
2019-11-25  3:59:36 0 [ERROR] Aborting
InnoDB: using atomic writes.
2019-11-25  4:01:15 0 [ERROR] InnoDB: The innodb_system data file 'ibdata1' must be writable
2019-11-25  4:01:15 0 [ERROR] InnoDB: The innodb_system data file 'ibdata1' must be writable
2019-11-25  4:01:15 0 [ERROR] Plugin 'InnoDB' init function returned error.
2019-11-25  4:01:15 0 [ERROR] Plugin 'InnoDB' registration as a STORAGE ENGINE failed.
2019-11-25  4:01:15 0 [Note] Plugin 'FEEDBACK' is disabled.
2019-11-25  4:01:15 0 [ERROR] Unknown/unsupported storage engine: InnoDB
2019-11-25  4:01:15 0 [ERROR] Aborting
InnoDB: using atomic writes.
2019-11-25  4:01:40 0 [ERROR] InnoDB: The innodb_system data file 'ibdata1' must be writable
2019-11-25  4:01:40 0 [ERROR] InnoDB: The innodb_system data file 'ibdata1' must be writable
2019-11-25  4:01:40 0 [ERROR] Plugin 'InnoDB' init function returned error.
2019-11-25  4:01:40 0 [ERROR] Plugin 'InnoDB' registration as a STORAGE ENGINE failed.
2019-11-25  4:01:40 0 [Note] Plugin 'FEEDBACK' is disabled.
2019-11-25  4:01:40 0 [ERROR] Unknown/unsupported storage engine: InnoDB
2019-11-25  4:01:40 0 [ERROR] Aborting
InnoDB: using atomic writes.
2019-11-25  4:02:05 0 [ERROR] InnoDB: The innodb_system data file 'ibdata1' must be writable
2019-11-25  4:02:05 0 [ERROR] InnoDB: The innodb_system data file 'ibdata1' must be writable
2019-11-25  4:02:05 0 [ERROR] Plugin 'InnoDB' init function returned error.
2019-11-25  4:02:05 0 [ERROR] Plugin 'InnoDB' registration as a STORAGE ENGINE failed.
2019-11-25  4:02:05 0 [Note] Plugin 'FEEDBACK' is disabled.
2019-11-25  4:02:05 0 [ERROR] Unknown/unsupported storage engine: InnoDB
2019-11-25  4:02:05 0 [ERROR] Aborting
2019-11-25  4:02:12 53 [Warning] Aborted connection 53 to db: 'mysql' user: 'root' host: 'localhost' (Got an error reading communication packets)
InnoDB: using atomic writes.
2019-11-25  4:02:15 0 [ERROR] InnoDB: The innodb_system data file 'ibdata1' must be writable
2019-11-25  4:02:15 0 [ERROR] InnoDB: The innodb_system data file 'ibdata1' must be writable
2019-11-25  4:02:15 0 [ERROR] Plugin 'InnoDB' init function returned error.
2019-11-25  4:02:15 0 [ERROR] Plugin 'InnoDB' registration as a STORAGE ENGINE failed.
2019-11-25  4:02:15 0 [Note] Plugin 'FEEDBACK' is disabled.
2019-11-25  4:02:15 0 [ERROR] Unknown/unsupported storage engine: InnoDB
2019-11-25  4:02:15 0 [ERROR] Aborting
InnoDB: using atomic writes.
2019-11-25  4:27:06 0 [ERROR] InnoDB: The innodb_system data file 'ibdata1' must be writable
2019-11-25  4:27:06 0 [ERROR] InnoDB: The innodb_system data file 'ibdata1' must be writable
2019-11-25  4:27:06 0 [ERROR] Plugin 'InnoDB' init function returned error.
2019-11-25  4:27:06 0 [ERROR] Plugin 'InnoDB' registration as a STORAGE ENGINE failed.
2019-11-25  4:27:06 0 [Note] Plugin 'FEEDBACK' is disabled.
2019-11-25  4:27:06 0 [ERROR] Unknown/unsupported storage engine: InnoDB
2019-11-25  4:27:06 0 [ERROR] Aborting
2019-11-25  4:27:08 57 [Warning] Aborted connection 57 to db: 'mysql' user: 'root' host: 'localhost' (Got an error reading communication packets)
InnoDB: using atomic writes.
2019-11-25  4:30:48 0 [ERROR] InnoDB: The innodb_system data file 'ibdata1' must be writable
2019-11-25  4:30:48 0 [ERROR] InnoDB: The innodb_system data file 'ibdata1' must be writable
2019-11-25  4:30:48 0 [ERROR] Plugin 'InnoDB' init function returned error.
2019-11-25  4:30:48 0 [ERROR] Plugin 'InnoDB' registration as a STORAGE ENGINE failed.
2019-11-25  4:30:48 0 [Note] Plugin 'FEEDBACK' is disabled.
2019-11-25  4:30:48 0 [ERROR] Unknown/unsupported storage engine: InnoDB
2019-11-25  4:30:48 0 [ERROR] Aborting
2019-11-25  4:30:49 59 [Warning] Aborted connection 59 to db: 'mysql' user: 'root' host: 'localhost' (Got an error reading communication packets)
InnoDB: using atomic writes.
2019-11-25  4:34:12 0 [ERROR] InnoDB: The innodb_system data file 'ibdata1' must be writable
2019-11-25  4:34:12 0 [ERROR] InnoDB: The innodb_system data file 'ibdata1' must be writable
2019-11-25  4:34:12 0 [ERROR] Plugin 'InnoDB' init function returned error.
2019-11-25  4:34:12 0 [ERROR] Plugin 'InnoDB' registration as a STORAGE ENGINE failed.
2019-11-25  4:34:12 0 [Note] Plugin 'FEEDBACK' is disabled.
2019-11-25  4:34:12 0 [ERROR] Unknown/unsupported storage engine: InnoDB
2019-11-25  4:34:12 0 [ERROR] Aborting
2019-11-25  4:34:20 61 [Warning] Aborted connection 61 to db: 'mysql' user: 'root' host: 'localhost' (Got an error reading communication packets)
InnoDB: using atomic writes.
2019-11-25  4:35:50 0 [ERROR] InnoDB: The innodb_system data file 'ibdata1' must be writable
2019-11-25  4:35:50 0 [ERROR] InnoDB: The innodb_system data file 'ibdata1' must be writable
2019-11-25  4:35:50 0 [ERROR] Plugin 'InnoDB' init function returned error.
2019-11-25  4:35:50 0 [ERROR] Plugin 'InnoDB' registration as a STORAGE ENGINE failed.
2019-11-25  4:35:50 0 [Note] Plugin 'FEEDBACK' is disabled.
2019-11-25  4:35:50 0 [ERROR] Unknown/unsupported storage engine: InnoDB
2019-11-25  4:35:50 0 [ERROR] Aborting
2019-11-25  4:35:56 63 [Warning] Aborted connection 63 to db: 'mysql' user: 'root' host: 'localhost' (Got an error reading communication packets)
InnoDB: using atomic writes.
2019-11-25  4:35:58 0 [ERROR] InnoDB: The innodb_system data file 'ibdata1' must be writable
2019-11-25  4:35:58 0 [ERROR] InnoDB: The innodb_system data file 'ibdata1' must be writable
2019-11-25  4:35:58 0 [ERROR] Plugin 'InnoDB' init function returned error.
2019-11-25  4:35:58 0 [ERROR] Plugin 'InnoDB' registration as a STORAGE ENGINE failed.
2019-11-25  4:35:58 0 [Note] Plugin 'FEEDBACK' is disabled.
2019-11-25  4:35:58 0 [ERROR] Unknown/unsupported storage engine: InnoDB
2019-11-25  4:35:58 0 [ERROR] Aborting
2019-11-25  4:36:05 65 [Warning] Aborted connection 65 to db: 'mysql' user: 'root' host: 'localhost' (Got an error reading communication packets)
